ARM GAS  C:\Users\botmo\AppData\Local\Temp\ccdASOAu.s 			page 1


   1              		.syntax unified
   2              		.cpu cortex-m3
   3              		.fpu softvfp
   4              		.eabi_attribute 20, 1
   5              		.eabi_attribute 21, 1
   6              		.eabi_attribute 23, 3
   7              		.eabi_attribute 24, 1
   8              		.eabi_attribute 25, 1
   9              		.eabi_attribute 26, 1
  10              		.eabi_attribute 30, 1
  11              		.eabi_attribute 34, 1
  12              		.eabi_attribute 18, 4
  13              		.thumb
  14              		.syntax unified
  15              		.file	"cymetadata.c"
  16              		.text
  17              	.Ltext0:
  18              		.cfi_sections	.debug_frame
  19              		.global	cy_metadata
  20              		.global	cy_meta_flashprotect
  21              		.global	cy_meta_wonvl
  22              		.global	cy_meta_custnvl
  23              		.global	cy_meta_configecc
  24              		.section	.cyconfigecc,"a",%progbits
  25              		.align	2
  26              		.type	cy_meta_configecc, %object
  27              		.size	cy_meta_configecc, 876
  28              	cy_meta_configecc:
  29 0000 03       		.byte	3
  30 0001 65       		.byte	101
  31 0002 00       		.byte	0
  32 0003 40       		.byte	64
  33 0004 03       		.byte	3
  34 0005 15       		.byte	21
  35 0006 01       		.byte	1
  36 0007 40       		.byte	64
  37 0008 01       		.byte	1
  38 0009 17       		.byte	23
  39 000a 01       		.byte	1
  40 000b 40       		.byte	64
  41 000c 14       		.byte	20
  42 000d 18       		.byte	24
  43 000e 01       		.byte	1
  44 000f 40       		.byte	64
  45 0010 3A       		.byte	58
  46 0011 19       		.byte	25
  47 0012 01       		.byte	1
  48 0013 40       		.byte	64
  49 0014 70       		.byte	112
  50 0015 1A       		.byte	26
  51 0016 01       		.byte	1
  52 0017 40       		.byte	64
  53 0018 55       		.byte	85
  54 0019 1B       		.byte	27
  55 001a 01       		.byte	1
  56 001b 40       		.byte	64
  57 001c 02       		.byte	2
ARM GAS  C:\Users\botmo\AppData\Local\Temp\ccdASOAu.s 			page 2


  58 001d 42       		.byte	66
  59 001e 01       		.byte	1
  60 001f 40       		.byte	64
  61 0020 01       		.byte	1
  62 0021 43       		.byte	67
  63 0022 01       		.byte	1
  64 0023 40       		.byte	64
  65 0024 03       		.byte	3
  66 0025 48       		.byte	72
  67 0026 01       		.byte	1
  68 0027 40       		.byte	64
  69 0028 10       		.byte	16
  70 0029 49       		.byte	73
  71 002a 01       		.byte	1
  72 002b 40       		.byte	64
  73 002c 09       		.byte	9
  74 002d 4C       		.byte	76
  75 002e 01       		.byte	1
  76 002f 40       		.byte	64
  77 0030 0D       		.byte	13
  78 0031 4D       		.byte	77
  79 0032 01       		.byte	1
  80 0033 40       		.byte	64
  81 0034 02       		.byte	2
  82 0035 50       		.byte	80
  83 0036 01       		.byte	1
  84 0037 40       		.byte	64
  85 0038 01       		.byte	1
  86 0039 51       		.byte	81
  87 003a 01       		.byte	1
  88 003b 40       		.byte	64
  89 003c 88       		.byte	-120
  90 003d 72       		.byte	114
  91 003e 89       		.byte	-119
  92 003f 38       		.byte	56
  93 0040 8B       		.byte	-117
  94 0041 0F       		.byte	15
  95 0042 E0       		.byte	-32
  96 0043 08       		.byte	8
  97 0044 E4       		.byte	-28
  98 0045 01       		.byte	1
  99 0046 EA       		.byte	-22
 100 0047 09       		.byte	9
 101 0048 E2       		.byte	-30
 102 0049 04       		.byte	4
 103 004a 8A       		.byte	-118
 104 004b 04       		.byte	4
 105 004c 92       		.byte	-110
 106 004d 04       		.byte	4
 107 004e 96       		.byte	-106
 108 004f 02       		.byte	2
 109 0050 99       		.byte	-103
 110 0051 01       		.byte	1
 111 0052 9A       		.byte	-102
 112 0053 02       		.byte	2
 113 0054 A4       		.byte	-92
 114 0055 01       		.byte	1
ARM GAS  C:\Users\botmo\AppData\Local\Temp\ccdASOAu.s 			page 3


 115 0056 A8       		.byte	-88
 116 0057 01       		.byte	1
 117 0058 AC       		.byte	-84
 118 0059 01       		.byte	1
 119 005a B0       		.byte	-80
 120 005b 02       		.byte	2
 121 005c B2       		.byte	-78
 122 005d 04       		.byte	4
 123 005e B5       		.byte	-75
 124 005f 01       		.byte	1
 125 0060 B6       		.byte	-74
 126 0061 01       		.byte	1
 127 0062 BB       		.byte	-69
 128 0063 08       		.byte	8
 129 0064 BE       		.byte	-66
 130 0065 05       		.byte	5
 131 0066 BF       		.byte	-65
 132 0067 10       		.byte	16
 133 0068 D4       		.byte	-44
 134 0069 18       		.byte	24
 135 006a D8       		.byte	-40
 136 006b 04       		.byte	4
 137 006c D9       		.byte	-39
 138 006d 04       		.byte	4
 139 006e DB       		.byte	-37
 140 006f 04       		.byte	4
 141 0070 DF       		.byte	-33
 142 0071 01       		.byte	1
 143 0072 03       		.byte	3
 144 0073 08       		.byte	8
 145 0074 04       		.byte	4
 146 0075 10       		.byte	16
 147 0076 05       		.byte	5
 148 0077 08       		.byte	8
 149 0078 06       		.byte	6
 150 0079 41       		.byte	65
 151 007a 07       		.byte	7
 152 007b 10       		.byte	16
 153 007c 09       		.byte	9
 154 007d 11       		.byte	17
 155 007e 0A       		.byte	10
 156 007f 20       		.byte	32
 157 0080 0C       		.byte	12
 158 0081 10       		.byte	16
 159 0082 0E       		.byte	14
 160 0083 61       		.byte	97
 161 0084 0F       		.byte	15
 162 0085 10       		.byte	16
 163 0086 10       		.byte	16
 164 0087 22       		.byte	34
 165 0088 11       		.byte	17
 166 0089 10       		.byte	16
 167 008a 15       		.byte	21
 168 008b 01       		.byte	1
 169 008c 16       		.byte	22
 170 008d 02       		.byte	2
 171 008e 17       		.byte	23
ARM GAS  C:\Users\botmo\AppData\Local\Temp\ccdASOAu.s 			page 4


 172 008f 28       		.byte	40
 173 0090 1A       		.byte	26
 174 0091 01       		.byte	1
 175 0092 1B       		.byte	27
 176 0093 45       		.byte	69
 177 0094 1E       		.byte	30
 178 0095 64       		.byte	100
 179 0096 1F       		.byte	31
 180 0097 44       		.byte	68
 181 0098 20       		.byte	32
 182 0099 18       		.byte	24
 183 009a 21       		.byte	33
 184 009b 08       		.byte	8
 185 009c 22       		.byte	34
 186 009d 08       		.byte	8
 187 009e 25       		.byte	37
 188 009f 11       		.byte	17
 189 00a0 27       		.byte	39
 190 00a1 10       		.byte	16
 191 00a2 2E       		.byte	46
 192 00a3 0A       		.byte	10
 193 00a4 2F       		.byte	47
 194 00a5 04       		.byte	4
 195 00a6 33       		.byte	51
 196 00a7 20       		.byte	32
 197 00a8 35       		.byte	53
 198 00a9 40       		.byte	64
 199 00aa 36       		.byte	54
 200 00ab 0A       		.byte	10
 201 00ac 37       		.byte	55
 202 00ad 10       		.byte	16
 203 00ae 3D       		.byte	61
 204 00af 08       		.byte	8
 205 00b0 3E       		.byte	62
 206 00b1 60       		.byte	96
 207 00b2 45       		.byte	69
 208 00b3 18       		.byte	24
 209 00b4 47       		.byte	71
 210 00b5 40       		.byte	64
 211 00b6 4E       		.byte	78
 212 00b7 12       		.byte	18
 213 00b8 4F       		.byte	79
 214 00b9 90       		.byte	-112
 215 00ba 57       		.byte	87
 216 00bb 08       		.byte	8
 217 00bc 5B       		.byte	91
 218 00bd 01       		.byte	1
 219 00be 5E       		.byte	94
 220 00bf 04       		.byte	4
 221 00c0 63       		.byte	99
 222 00c1 0A       		.byte	10
 223 00c2 6C       		.byte	108
 224 00c3 22       		.byte	34
 225 00c4 6D       		.byte	109
 226 00c5 10       		.byte	16
 227 00c6 75       		.byte	117
 228 00c7 40       		.byte	64
ARM GAS  C:\Users\botmo\AppData\Local\Temp\ccdASOAu.s 			page 5


 229 00c8 76       		.byte	118
 230 00c9 29       		.byte	41
 231 00ca 77       		.byte	119
 232 00cb 28       		.byte	40
 233 00cc 84       		.byte	-124
 234 00cd 04       		.byte	4
 235 00ce C0       		.byte	-64
 236 00cf F2       		.byte	-14
 237 00d0 C2       		.byte	-62
 238 00d1 FE       		.byte	-2
 239 00d2 C4       		.byte	-60
 240 00d3 F7       		.byte	-9
 241 00d4 CA       		.byte	-54
 242 00d5 E0       		.byte	-32
 243 00d6 CC       		.byte	-52
 244 00d7 F4       		.byte	-12
 245 00d8 CE       		.byte	-50
 246 00d9 70       		.byte	112
 247 00da D0       		.byte	-48
 248 00db 70       		.byte	112
 249 00dc D2       		.byte	-46
 250 00dd 30       		.byte	48
 251 00de D6       		.byte	-42
 252 00df 41       		.byte	65
 253 00e0 D8       		.byte	-40
 254 00e1 0C       		.byte	12
 255 00e2 E2       		.byte	-30
 256 00e3 04       		.byte	4
 257 00e4 E4       		.byte	-28
 258 00e5 02       		.byte	2
 259 00e6 05       		.byte	5
 260 00e7 80       		.byte	-128
 261 00e8 07       		.byte	7
 262 00e9 13       		.byte	19
 263 00ea 08       		.byte	8
 264 00eb 10       		.byte	16
 265 00ec 0A       		.byte	10
 266 00ed AC       		.byte	-84
 267 00ee 0F       		.byte	15
 268 00ef 0C       		.byte	12
 269 00f0 10       		.byte	16
 270 00f1 09       		.byte	9
 271 00f2 12       		.byte	18
 272 00f3 D0       		.byte	-48
 273 00f4 14       		.byte	20
 274 00f5 14       		.byte	20
 275 00f6 15       		.byte	21
 276 00f7 2C       		.byte	44
 277 00f8 17       		.byte	23
 278 00f9 43       		.byte	67
 279 00fa 1A       		.byte	26
 280 00fb 03       		.byte	3
 281 00fc 1C       		.byte	28
 282 00fd 0C       		.byte	12
 283 00fe 1E       		.byte	30
 284 00ff 71       		.byte	113
 285 0100 1F       		.byte	31
ARM GAS  C:\Users\botmo\AppData\Local\Temp\ccdASOAu.s 			page 6


 286 0101 08       		.byte	8
 287 0102 20       		.byte	32
 288 0103 10       		.byte	16
 289 0104 21       		.byte	33
 290 0105 71       		.byte	113
 291 0106 22       		.byte	34
 292 0107 40       		.byte	64
 293 0108 23       		.byte	35
 294 0109 0E       		.byte	14
 295 010a 25       		.byte	37
 296 010b 71       		.byte	113
 297 010c 26       		.byte	38
 298 010d 20       		.byte	32
 299 010e 27       		.byte	39
 300 010f 06       		.byte	6
 301 0110 28       		.byte	40
 302 0111 DC       		.byte	-36
 303 0112 2A       		.byte	42
 304 0113 22       		.byte	34
 305 0114 30       		.byte	48
 306 0115 E0       		.byte	-32
 307 0116 31       		.byte	49
 308 0117 C0       		.byte	-64
 309 0118 33       		.byte	51
 310 0119 0F       		.byte	15
 311 011a 34       		.byte	52
 312 011b 1F       		.byte	31
 313 011c 35       		.byte	53
 314 011d 30       		.byte	48
 315 011e 39       		.byte	57
 316 011f 22       		.byte	34
 317 0120 3A       		.byte	58
 318 0121 02       		.byte	2
 319 0122 3B       		.byte	59
 320 0123 08       		.byte	8
 321 0124 3F       		.byte	63
 322 0125 10       		.byte	16
 323 0126 40       		.byte	64
 324 0127 02       		.byte	2
 325 0128 45       		.byte	69
 326 0129 40       		.byte	64
 327 012a 49       		.byte	73
 328 012b FF       		.byte	-1
 329 012c 4A       		.byte	74
 330 012d 07       		.byte	7
 331 012e 4B       		.byte	75
 332 012f FF       		.byte	-1
 333 0130 4C       		.byte	76
 334 0131 40       		.byte	64
 335 0132 4D       		.byte	77
 336 0133 20       		.byte	32
 337 0134 4E       		.byte	78
 338 0135 F0       		.byte	-16
 339 0136 4F       		.byte	79
 340 0137 05       		.byte	5
 341 0138 50       		.byte	80
 342 0139 08       		.byte	8
ARM GAS  C:\Users\botmo\AppData\Local\Temp\ccdASOAu.s 			page 7


 343 013a 58       		.byte	88
 344 013b 04       		.byte	4
 345 013c 59       		.byte	89
 346 013d 04       		.byte	4
 347 013e 5A       		.byte	90
 348 013f 04       		.byte	4
 349 0140 5F       		.byte	95
 350 0141 01       		.byte	1
 351 0142 60       		.byte	96
 352 0143 40       		.byte	64
 353 0144 61       		.byte	97
 354 0145 A8       		.byte	-88
 355 0146 62       		.byte	98
 356 0147 40       		.byte	64
 357 0148 63       		.byte	99
 358 0149 20       		.byte	32
 359 014a 80       		.byte	-128
 360 014b 13       		.byte	19
 361 014c 81       		.byte	-127
 362 014d 11       		.byte	17
 363 014e 82       		.byte	-126
 364 014f 04       		.byte	4
 365 0150 83       		.byte	-125
 366 0151 68       		.byte	104
 367 0152 84       		.byte	-124
 368 0153 13       		.byte	19
 369 0154 85       		.byte	-123
 370 0155 30       		.byte	48
 371 0156 86       		.byte	-122
 372 0157 0C       		.byte	12
 373 0158 88       		.byte	-120
 374 0159 80       		.byte	-128
 375 015a 89       		.byte	-119
 376 015b 30       		.byte	48
 377 015c 8A       		.byte	-118
 378 015d 20       		.byte	32
 379 015e 8C       		.byte	-116
 380 015f 40       		.byte	64
 381 0160 8E       		.byte	-114
 382 0161 20       		.byte	32
 383 0162 8F       		.byte	-113
 384 0163 03       		.byte	3
 385 0164 92       		.byte	-110
 386 0165 08       		.byte	8
 387 0166 94       		.byte	-108
 388 0167 0A       		.byte	10
 389 0168 95       		.byte	-107
 390 0169 03       		.byte	3
 391 016a 96       		.byte	-106
 392 016b 14       		.byte	20
 393 016c 98       		.byte	-104
 394 016d E0       		.byte	-32
 395 016e 99       		.byte	-103
 396 016f 22       		.byte	34
 397 0170 9B       		.byte	-101
 398 0171 18       		.byte	24
 399 0172 9C       		.byte	-100
ARM GAS  C:\Users\botmo\AppData\Local\Temp\ccdASOAu.s 			page 8


 400 0173 20       		.byte	32
 401 0174 9E       		.byte	-98
 402 0175 C0       		.byte	-64
 403 0176 A1       		.byte	-95
 404 0177 03       		.byte	3
 405 0178 A3       		.byte	-93
 406 0179 04       		.byte	4
 407 017a A6       		.byte	-90
 408 017b 15       		.byte	21
 409 017c A7       		.byte	-89
 410 017d 03       		.byte	3
 411 017e A8       		.byte	-88
 412 017f E0       		.byte	-32
 413 0180 A9       		.byte	-87
 414 0181 03       		.byte	3
 415 0182 AC       		.byte	-84
 416 0183 03       		.byte	3
 417 0184 AE       		.byte	-82
 418 0185 14       		.byte	20
 419 0186 AF       		.byte	-81
 420 0187 03       		.byte	3
 421 0188 B0       		.byte	-80
 422 0189 10       		.byte	16
 423 018a B1       		.byte	-79
 424 018b 0C       		.byte	12
 425 018c B2       		.byte	-78
 426 018d 0F       		.byte	15
 427 018e B3       		.byte	-77
 428 018f 40       		.byte	64
 429 0190 B5       		.byte	-75
 430 0191 30       		.byte	48
 431 0192 B6       		.byte	-74
 432 0193 E0       		.byte	-32
 433 0194 B7       		.byte	-73
 434 0195 03       		.byte	3
 435 0196 BA       		.byte	-70
 436 0197 08       		.byte	8
 437 0198 BE       		.byte	-66
 438 0199 01       		.byte	1
 439 019a BF       		.byte	-65
 440 019b 01       		.byte	1
 441 019c C0       		.byte	-64
 442 019d 26       		.byte	38
 443 019e C1       		.byte	-63
 444 019f 04       		.byte	4
 445 01a0 C5       		.byte	-59
 446 01a1 0B       		.byte	11
 447 01a2 C6       		.byte	-58
 448 01a3 0E       		.byte	14
 449 01a4 C7       		.byte	-57
 450 01a5 C0       		.byte	-64
 451 01a6 C8       		.byte	-56
 452 01a7 25       		.byte	37
 453 01a8 C9       		.byte	-55
 454 01a9 FF       		.byte	-1
 455 01aa CA       		.byte	-54
 456 01ab FF       		.byte	-1
ARM GAS  C:\Users\botmo\AppData\Local\Temp\ccdASOAu.s 			page 9


 457 01ac CB       		.byte	-53
 458 01ad FF       		.byte	-1
 459 01ae CE       		.byte	-50
 460 01af F0       		.byte	-16
 461 01b0 CF       		.byte	-49
 462 01b1 44       		.byte	68
 463 01b2 D0       		.byte	-48
 464 01b3 0C       		.byte	12
 465 01b4 D4       		.byte	-44
 466 01b5 01       		.byte	1
 467 01b6 D8       		.byte	-40
 468 01b7 04       		.byte	4
 469 01b8 D9       		.byte	-39
 470 01b9 04       		.byte	4
 471 01ba DA       		.byte	-38
 472 01bb 04       		.byte	4
 473 01bc DB       		.byte	-37
 474 01bd 04       		.byte	4
 475 01be DF       		.byte	-33
 476 01bf 01       		.byte	1
 477 01c0 E6       		.byte	-26
 478 01c1 C0       		.byte	-64
 479 01c2 EA       		.byte	-22
 480 01c3 40       		.byte	64
 481 01c4 EB       		.byte	-21
 482 01c5 02       		.byte	2
 483 01c6 02       		.byte	2
 484 01c7 04       		.byte	4
 485 01c8 05       		.byte	5
 486 01c9 05       		.byte	5
 487 01ca 06       		.byte	6
 488 01cb 02       		.byte	2
 489 01cc 07       		.byte	7
 490 01cd 04       		.byte	4
 491 01ce 08       		.byte	8
 492 01cf 80       		.byte	-128
 493 01d0 0A       		.byte	10
 494 01d1 24       		.byte	36
 495 01d2 0B       		.byte	11
 496 01d3 40       		.byte	64
 497 01d4 0C       		.byte	12
 498 01d5 20       		.byte	32
 499 01d6 0D       		.byte	13
 500 01d7 88       		.byte	-120
 501 01d8 0F       		.byte	15
 502 01d9 44       		.byte	68
 503 01da 10       		.byte	16
 504 01db 80       		.byte	-128
 505 01dc 11       		.byte	17
 506 01dd 04       		.byte	4
 507 01de 13       		.byte	19
 508 01df 10       		.byte	16
 509 01e0 15       		.byte	21
 510 01e1 14       		.byte	20
 511 01e2 16       		.byte	22
 512 01e3 01       		.byte	1
 513 01e4 19       		.byte	25
ARM GAS  C:\Users\botmo\AppData\Local\Temp\ccdASOAu.s 			page 10


 514 01e5 01       		.byte	1
 515 01e6 1A       		.byte	26
 516 01e7 04       		.byte	4
 517 01e8 1B       		.byte	27
 518 01e9 20       		.byte	32
 519 01ea 1C       		.byte	28
 520 01eb 40       		.byte	64
 521 01ec 1D       		.byte	29
 522 01ed 84       		.byte	-124
 523 01ee 1F       		.byte	31
 524 01ef 80       		.byte	-128
 525 01f0 20       		.byte	32
 526 01f1 04       		.byte	4
 527 01f2 21       		.byte	33
 528 01f3 08       		.byte	8
 529 01f4 23       		.byte	35
 530 01f5 50       		.byte	80
 531 01f6 25       		.byte	37
 532 01f7 04       		.byte	4
 533 01f8 26       		.byte	38
 534 01f9 20       		.byte	32
 535 01fa 27       		.byte	39
 536 01fb 45       		.byte	69
 537 01fc 28       		.byte	40
 538 01fd 80       		.byte	-128
 539 01fe 29       		.byte	41
 540 01ff 05       		.byte	5
 541 0200 2A       		.byte	42
 542 0201 04       		.byte	4
 543 0202 2D       		.byte	45
 544 0203 09       		.byte	9
 545 0204 2E       		.byte	46
 546 0205 40       		.byte	64
 547 0206 2F       		.byte	47
 548 0207 84       		.byte	-124
 549 0208 30       		.byte	48
 550 0209 80       		.byte	-128
 551 020a 31       		.byte	49
 552 020b 08       		.byte	8
 553 020c 34       		.byte	52
 554 020d 10       		.byte	16
 555 020e 36       		.byte	54
 556 020f 28       		.byte	40
 557 0210 38       		.byte	56
 558 0211 08       		.byte	8
 559 0212 39       		.byte	57
 560 0213 04       		.byte	4
 561 0214 3B       		.byte	59
 562 0215 40       		.byte	64
 563 0216 3D       		.byte	61
 564 0217 10       		.byte	16
 565 0218 3E       		.byte	62
 566 0219 02       		.byte	2
 567 021a 3F       		.byte	63
 568 021b 84       		.byte	-124
 569 021c 40       		.byte	64
 570 021d 04       		.byte	4
ARM GAS  C:\Users\botmo\AppData\Local\Temp\ccdASOAu.s 			page 11


 571 021e 44       		.byte	68
 572 021f 80       		.byte	-128
 573 0220 46       		.byte	70
 574 0221 04       		.byte	4
 575 0222 48       		.byte	72
 576 0223 80       		.byte	-128
 577 0224 4C       		.byte	76
 578 0225 04       		.byte	4
 579 0226 4E       		.byte	78
 580 0227 10       		.byte	16
 581 0228 50       		.byte	80
 582 0229 04       		.byte	4
 583 022a 55       		.byte	85
 584 022b 01       		.byte	1
 585 022c 56       		.byte	86
 586 022d 41       		.byte	65
 587 022e 5C       		.byte	92
 588 022f 41       		.byte	65
 589 0230 5D       		.byte	93
 590 0231 20       		.byte	32
 591 0232 5F       		.byte	95
 592 0233 08       		.byte	8
 593 0234 60       		.byte	96
 594 0235 01       		.byte	1
 595 0236 62       		.byte	98
 596 0237 40       		.byte	64
 597 0238 8A       		.byte	-118
 598 0239 02       		.byte	2
 599 023a 8B       		.byte	-117
 600 023b 48       		.byte	72
 601 023c 8D       		.byte	-115
 602 023d 21       		.byte	33
 603 023e 91       		.byte	-111
 604 023f 10       		.byte	16
 605 0240 92       		.byte	-110
 606 0241 40       		.byte	64
 607 0242 93       		.byte	-109
 608 0243 88       		.byte	-120
 609 0244 95       		.byte	-107
 610 0245 01       		.byte	1
 611 0246 99       		.byte	-103
 612 0247 08       		.byte	8
 613 0248 9C       		.byte	-100
 614 0249 10       		.byte	16
 615 024a 9E       		.byte	-98
 616 024b 42       		.byte	66
 617 024c 9F       		.byte	-97
 618 024d 41       		.byte	65
 619 024e A0       		.byte	-96
 620 024f 20       		.byte	32
 621 0250 A2       		.byte	-94
 622 0251 08       		.byte	8
 623 0252 A3       		.byte	-93
 624 0253 40       		.byte	64
 625 0254 A5       		.byte	-91
 626 0255 04       		.byte	4
 627 0256 A7       		.byte	-89
ARM GAS  C:\Users\botmo\AppData\Local\Temp\ccdASOAu.s 			page 12


 628 0257 20       		.byte	32
 629 0258 C0       		.byte	-64
 630 0259 F2       		.byte	-14
 631 025a C2       		.byte	-62
 632 025b FF       		.byte	-1
 633 025c C4       		.byte	-60
 634 025d EE       		.byte	-18
 635 025e CA       		.byte	-54
 636 025f F3       		.byte	-13
 637 0260 CC       		.byte	-52
 638 0261 6A       		.byte	106
 639 0262 CE       		.byte	-50
 640 0263 FA       		.byte	-6
 641 0264 D0       		.byte	-48
 642 0265 A4       		.byte	-92
 643 0266 D2       		.byte	-46
 644 0267 20       		.byte	32
 645 0268 D6       		.byte	-42
 646 0269 F0       		.byte	-16
 647 026a E0       		.byte	-32
 648 026b 08       		.byte	8
 649 026c E4       		.byte	-28
 650 026d 01       		.byte	1
 651 026e EA       		.byte	-22
 652 026f 09       		.byte	9
 653 0270 3E       		.byte	62
 654 0271 10       		.byte	16
 655 0272 CE       		.byte	-50
 656 0273 20       		.byte	32
 657 0274 96       		.byte	-106
 658 0275 10       		.byte	16
 659 0276 82       		.byte	-126
 660 0277 20       		.byte	32
 661 0278 96       		.byte	-106
 662 0279 10       		.byte	16
 663 027a E2       		.byte	-30
 664 027b 20       		.byte	32
 665 027c 12       		.byte	18
 666 027d 20       		.byte	32
 667 027e 16       		.byte	22
 668 027f 40       		.byte	64
 669 0280 72       		.byte	114
 670 0281 20       		.byte	32
 671 0282 7F       		.byte	127
 672 0283 02       		.byte	2
 673 0284 82       		.byte	-126
 674 0285 20       		.byte	32
 675 0286 86       		.byte	-122
 676 0287 40       		.byte	64
 677 0288 9A       		.byte	-102
 678 0289 20       		.byte	32
 679 028a A3       		.byte	-93
 680 028b 02       		.byte	2
 681 028c AA       		.byte	-86
 682 028d 10       		.byte	16
 683 028e AF       		.byte	-81
 684 028f 02       		.byte	2
ARM GAS  C:\Users\botmo\AppData\Local\Temp\ccdASOAu.s 			page 13


 685 0290 C4       		.byte	-60
 686 0291 30       		.byte	48
 687 0292 DC       		.byte	-36
 688 0293 80       		.byte	-128
 689 0294 DE       		.byte	-34
 690 0295 20       		.byte	32
 691 0296 E0       		.byte	-32
 692 0297 10       		.byte	16
 693 0298 E4       		.byte	-28
 694 0299 80       		.byte	-128
 695 029a EA       		.byte	-22
 696 029b 90       		.byte	-112
 697 029c 10       		.byte	16
 698 029d 80       		.byte	-128
 699 029e 13       		.byte	19
 700 029f 20       		.byte	32
 701 02a0 15       		.byte	21
 702 02a1 08       		.byte	8
 703 02a2 7B       		.byte	123
 704 02a3 10       		.byte	16
 705 02a4 7F       		.byte	127
 706 02a5 40       		.byte	64
 707 02a6 80       		.byte	-128
 708 02a7 80       		.byte	-128
 709 02a8 87       		.byte	-121
 710 02a9 40       		.byte	64
 711 02aa C4       		.byte	-60
 712 02ab 0E       		.byte	14
 713 02ac DE       		.byte	-34
 714 02ad 03       		.byte	3
 715 02ae 10       		.byte	16
 716 02af 40       		.byte	64
 717 02b0 73       		.byte	115
 718 02b1 40       		.byte	64
 719 02b2 83       		.byte	-125
 720 02b3 10       		.byte	16
 721 02b4 87       		.byte	-121
 722 02b5 40       		.byte	64
 723 02b6 88       		.byte	-120
 724 02b7 40       		.byte	64
 725 02b8 93       		.byte	-109
 726 02b9 40       		.byte	64
 727 02ba 97       		.byte	-105
 728 02bb 80       		.byte	-128
 729 02bc A7       		.byte	-89
 730 02bd 10       		.byte	16
 731 02be AB       		.byte	-85
 732 02bf 20       		.byte	32
 733 02c0 AD       		.byte	-83
 734 02c1 04       		.byte	4
 735 02c2 C4       		.byte	-60
 736 02c3 08       		.byte	8
 737 02c4 DC       		.byte	-36
 738 02c5 01       		.byte	1
 739 02c6 E2       		.byte	-30
 740 02c7 01       		.byte	1
 741 02c8 10       		.byte	16
ARM GAS  C:\Users\botmo\AppData\Local\Temp\ccdASOAu.s 			page 14


 742 02c9 01       		.byte	1
 743 02ca 1C       		.byte	28
 744 02cb 01       		.byte	1
 745 02cc 03       		.byte	3
 746 02cd C0       		.byte	-64
 747 02ce 00       		.byte	0
 748 02cf 00       		.byte	0
 749 02d0 02       		.byte	2
 750 02d1 80       		.byte	-128
 751 02d2 00       		.byte	0
 752 02d3 00       		.byte	0
 753 02d4 40       		.byte	64
 754 02d5 00       		.byte	0
 755 02d6 00       		.byte	0
 756 02d7 00       		.byte	0
 757 02d8 40       		.byte	64
 758 02d9 00       		.byte	0
 759 02da 00       		.byte	0
 760 02db 00       		.byte	0
 761 02dc 1C       		.byte	28
 762 02dd 00       		.byte	0
 763 02de 23       		.byte	35
 764 02df 04       		.byte	4
 765 02e0 3F       		.byte	63
 766 02e1 18       		.byte	24
 767 02e2 00       		.byte	0
 768 02e3 00       		.byte	0
 769 02e4 08       		.byte	8
 770 02e5 1C       		.byte	28
 771 02e6 00       		.byte	0
 772 02e7 61       		.byte	97
 773 02e8 1F       		.byte	31
 774 02e9 00       		.byte	0
 775 02ea 20       		.byte	32
 776 02eb 23       		.byte	35
 777 02ec 33       		.byte	51
 778 02ed 7F       		.byte	127
 779 02ee 0C       		.byte	12
 780 02ef 00       		.byte	0
 781 02f0 02       		.byte	2
 782 02f1 3C       		.byte	60
 783 02f2 00       		.byte	0
 784 02f3 42       		.byte	66
 785 02f4 00       		.byte	0
 786 02f5 10       		.byte	16
 787 02f6 23       		.byte	35
 788 02f7 00       		.byte	0
 789 02f8 03       		.byte	3
 790 02f9 04       		.byte	4
 791 02fa 00       		.byte	0
 792 02fb 00       		.byte	0
 793 02fc 04       		.byte	4
 794 02fd 08       		.byte	8
 795 02fe 00       		.byte	0
 796 02ff 00       		.byte	0
 797 0300 0C       		.byte	12
 798 0301 67       		.byte	103
ARM GAS  C:\Users\botmo\AppData\Local\Temp\ccdASOAu.s 			page 15


 799 0302 00       		.byte	0
 800 0303 18       		.byte	24
 801 0304 01       		.byte	1
 802 0305 00       		.byte	0
 803 0306 00       		.byte	0
 804 0307 00       		.byte	0
 805 0308 2C       		.byte	44
 806 0309 40       		.byte	64
 807 030a 0F       		.byte	15
 808 030b 1F       		.byte	31
 809 030c 10       		.byte	16
 810 030d 38       		.byte	56
 811 030e 40       		.byte	64
 812 030f 00       		.byte	0
 813 0310 00       		.byte	0
 814 0311 02       		.byte	2
 815 0312 0A       		.byte	10
 816 0313 08       		.byte	8
 817 0314 00       		.byte	0
 818 0315 00       		.byte	0
 819 0316 50       		.byte	80
 820 0317 00       		.byte	0
 821 0318 65       		.byte	101
 822 0319 03       		.byte	3
 823 031a 02       		.byte	2
 824 031b 00       		.byte	0
 825 031c 01       		.byte	1
 826 031d 0C       		.byte	12
 827 031e 00       		.byte	0
 828 031f 0E       		.byte	14
 829 0320 11       		.byte	17
 830 0321 FF       		.byte	-1
 831 0322 FF       		.byte	-1
 832 0323 FF       		.byte	-1
 833 0324 62       		.byte	98
 834 0325 A0       		.byte	-96
 835 0326 F0       		.byte	-16
 836 0327 41       		.byte	65
 837 0328 0C       		.byte	12
 838 0329 00       		.byte	0
 839 032a 00       		.byte	0
 840 032b 00       		.byte	0
 841 032c 00       		.byte	0
 842 032d 00       		.byte	0
 843 032e 02       		.byte	2
 844 032f 12       		.byte	18
 845 0330 04       		.byte	4
 846 0331 04       		.byte	4
 847 0332 04       		.byte	4
 848 0333 04       		.byte	4
 849 0334 00       		.byte	0
 850 0335 00       		.byte	0
 851 0336 00       		.byte	0
 852 0337 01       		.byte	1
 853 0338 00       		.byte	0
 854 0339 00       		.byte	0
 855 033a 00       		.byte	0
ARM GAS  C:\Users\botmo\AppData\Local\Temp\ccdASOAu.s 			page 16


 856 033b 00       		.byte	0
 857 033c 00       		.byte	0
 858 033d 00       		.byte	0
 859 033e 40       		.byte	64
 860 033f 02       		.byte	2
 861 0340 00       		.byte	0
 862 0341 10       		.byte	16
 863 0342 30       		.byte	48
 864 0343 10       		.byte	16
 865 0344 00       		.byte	0
 866 0345 10       		.byte	16
 867 0346 10       		.byte	16
 868 0347 12       		.byte	18
 869 0348 00       		.byte	0
 870 0349 00       		.byte	0
 871 034a 00       		.byte	0
 872 034b 00       		.byte	0
 873 034c 00       		.byte	0
 874 034d 00       		.byte	0
 875 034e 00       		.byte	0
 876 034f 00       		.byte	0
 877 0350 00       		.byte	0
 878 0351 00       		.byte	0
 879 0352 00       		.byte	0
 880 0353 00       		.byte	0
 881 0354 00       		.byte	0
 882 0355 00       		.byte	0
 883 0356 00       		.byte	0
 884 0357 00       		.byte	0
 885 0358 80       		.byte	-128
 886 0359 00       		.byte	0
 887 035a 40       		.byte	64
 888 035b 80       		.byte	-128
 889 035c 83       		.byte	-125
 890 035d 00       		.byte	0
 891 035e 83       		.byte	-125
 892 035f 00       		.byte	0
 893 0360 00       		.byte	0
 894 0361 00       		.byte	0
 895 0362 00       		.byte	0
 896 0363 00       		.byte	0
 897 0364 00       		.byte	0
 898 0365 0B       		.byte	11
 899 0366 0B       		.byte	11
 900 0367 00       		.byte	0
 901 0368 00       		.byte	0
 902 0369 00       		.byte	0
 903 036a 00       		.byte	0
 904 036b 00       		.byte	0
 905              		.section	.cywolatch,"a",%progbits
 906              		.align	2
 907              		.type	cy_meta_wonvl, %object
 908              		.size	cy_meta_wonvl, 4
 909              	cy_meta_wonvl:
 910 0000 BC       		.byte	-68
 911 0001 90       		.byte	-112
 912 0002 AC       		.byte	-84
ARM GAS  C:\Users\botmo\AppData\Local\Temp\ccdASOAu.s 			page 17


 913 0003 AF       		.byte	-81
 914              		.section	.cycustnvl,"a",%progbits
 915              		.align	2
 916              		.type	cy_meta_custnvl, %object
 917              		.size	cy_meta_custnvl, 4
 918              	cy_meta_custnvl:
 919 0000 00       		.byte	0
 920 0001 00       		.byte	0
 921 0002 40       		.byte	64
 922 0003 05       		.byte	5
 923              		.section	.cymeta,"a",%progbits
 924              		.align	2
 925              		.type	cy_metadata, %object
 926              		.size	cy_metadata, 12
 927              	cy_metadata:
 928 0000 00       		.byte	0
 929 0001 01       		.byte	1
 930 0002 2E       		.byte	46
 931 0003 16       		.byte	22
 932 0004 10       		.byte	16
 933 0005 69       		.byte	105
 934 0006 00       		.byte	0
 935 0007 01       		.byte	1
 936 0008 00       		.byte	0
 937 0009 00       		.byte	0
 938 000a 00       		.byte	0
 939 000b 00       		.byte	0
 940              		.section	.cyflashprotect,"a",%progbits
 941              		.align	2
 942              		.type	cy_meta_flashprotect, %object
 943              		.size	cy_meta_flashprotect, 256
 944              	cy_meta_flashprotect:
 945 0000 00000000 		.space	256
 945      00000000 
 945      00000000 
 945      00000000 
 945      00000000 
 946              		.text
 947              	.Letext0:
 948              		.file 1 "c:\\program files (x86)\\cypress\\psoc creator\\4.4\\psoc creator\\import\\gnu\\arm\\5.4.
 949              		.file 2 "c:\\program files (x86)\\cypress\\psoc creator\\4.4\\psoc creator\\import\\gnu\\arm\\5.4.
 950              		.file 3 "Generated_Source\\PSoC5\\cymetadata.c"
 951              		.section	.debug_info,"",%progbits
 952              	.Ldebug_info0:
 953 0000 31010000 		.4byte	0x131
 954 0004 0400     		.2byte	0x4
 955 0006 00000000 		.4byte	.Ldebug_abbrev0
 956 000a 04       		.byte	0x4
 957 000b 01       		.uleb128 0x1
 958 000c 24000000 		.4byte	.LASF17
 959 0010 0C       		.byte	0xc
 960 0011 B1010000 		.4byte	.LASF18
 961 0015 E7000000 		.4byte	.LASF19
 962 0019 00000000 		.4byte	.Ldebug_line0
 963 001d 02       		.uleb128 0x2
 964 001e 01       		.byte	0x1
 965 001f 06       		.byte	0x6
ARM GAS  C:\Users\botmo\AppData\Local\Temp\ccdASOAu.s 			page 18


 966 0020 A5010000 		.4byte	.LASF0
 967 0024 03       		.uleb128 0x3
 968 0025 00000000 		.4byte	.LASF9
 969 0029 01       		.byte	0x1
 970 002a 1D       		.byte	0x1d
 971 002b 2F000000 		.4byte	0x2f
 972 002f 02       		.uleb128 0x2
 973 0030 01       		.byte	0x1
 974 0031 08       		.byte	0x8
 975 0032 16000000 		.4byte	.LASF1
 976 0036 02       		.uleb128 0x2
 977 0037 02       		.byte	0x2
 978 0038 05       		.byte	0x5
 979 0039 92010000 		.4byte	.LASF2
 980 003d 02       		.uleb128 0x2
 981 003e 02       		.byte	0x2
 982 003f 07       		.byte	0x7
 983 0040 C4000000 		.4byte	.LASF3
 984 0044 02       		.uleb128 0x2
 985 0045 04       		.byte	0x4
 986 0046 05       		.byte	0x5
 987 0047 9C010000 		.4byte	.LASF4
 988 004b 02       		.uleb128 0x2
 989 004c 04       		.byte	0x4
 990 004d 07       		.byte	0x7
 991 004e B2000000 		.4byte	.LASF5
 992 0052 02       		.uleb128 0x2
 993 0053 08       		.byte	0x8
 994 0054 05       		.byte	0x5
 995 0055 84010000 		.4byte	.LASF6
 996 0059 02       		.uleb128 0x2
 997 005a 08       		.byte	0x8
 998 005b 07       		.byte	0x7
 999 005c 39010000 		.4byte	.LASF7
 1000 0060 04       		.uleb128 0x4
 1001 0061 04       		.byte	0x4
 1002 0062 05       		.byte	0x5
 1003 0063 696E7400 		.ascii	"int\000"
 1004 0067 02       		.uleb128 0x2
 1005 0068 04       		.byte	0x4
 1006 0069 07       		.byte	0x7
 1007 006a 2C010000 		.4byte	.LASF8
 1008 006e 03       		.uleb128 0x3
 1009 006f 50010000 		.4byte	.LASF10
 1010 0073 02       		.byte	0x2
 1011 0074 18       		.byte	0x18
 1012 0075 24000000 		.4byte	0x24
 1013 0079 05       		.uleb128 0x5
 1014 007a 91000000 		.4byte	0x91
 1015 007e 8A000000 		.4byte	0x8a
 1016 0082 06       		.uleb128 0x6
 1017 0083 8A000000 		.4byte	0x8a
 1018 0087 6B03     		.2byte	0x36b
 1019 0089 00       		.byte	0
 1020 008a 02       		.uleb128 0x2
 1021 008b 04       		.byte	0x4
 1022 008c 07       		.byte	0x7
ARM GAS  C:\Users\botmo\AppData\Local\Temp\ccdASOAu.s 			page 19


 1023 008d 7B010000 		.4byte	.LASF11
 1024 0091 07       		.uleb128 0x7
 1025 0092 6E000000 		.4byte	0x6e
 1026 0096 08       		.uleb128 0x8
 1027 0097 1A010000 		.4byte	.LASF12
 1028 009b 03       		.byte	0x3
 1029 009c 1F       		.byte	0x1f
 1030 009d A7000000 		.4byte	0xa7
 1031 00a1 05       		.uleb128 0x5
 1032 00a2 03       		.byte	0x3
 1033 00a3 00000000 		.4byte	cy_meta_configecc
 1034 00a7 07       		.uleb128 0x7
 1035 00a8 79000000 		.4byte	0x79
 1036 00ac 05       		.uleb128 0x5
 1037 00ad 91000000 		.4byte	0x91
 1038 00b1 BC000000 		.4byte	0xbc
 1039 00b5 09       		.uleb128 0x9
 1040 00b6 8A000000 		.4byte	0x8a
 1041 00ba 03       		.byte	0x3
 1042 00bb 00       		.byte	0
 1043 00bc 08       		.uleb128 0x8
 1044 00bd D7000000 		.4byte	.LASF13
 1045 00c1 03       		.byte	0x3
 1046 00c2 9A       		.byte	0x9a
 1047 00c3 CD000000 		.4byte	0xcd
 1048 00c7 05       		.uleb128 0x5
 1049 00c8 03       		.byte	0x3
 1050 00c9 00000000 		.4byte	cy_meta_custnvl
 1051 00cd 07       		.uleb128 0x7
 1052 00ce AC000000 		.4byte	0xac
 1053 00d2 08       		.uleb128 0x8
 1054 00d3 6D010000 		.4byte	.LASF14
 1055 00d7 03       		.byte	0x3
 1056 00d8 A8       		.byte	0xa8
 1057 00d9 E3000000 		.4byte	0xe3
 1058 00dd 05       		.uleb128 0x5
 1059 00de 03       		.byte	0x3
 1060 00df 00000000 		.4byte	cy_meta_wonvl
 1061 00e3 07       		.uleb128 0x7
 1062 00e4 AC000000 		.4byte	0xac
 1063 00e8 05       		.uleb128 0x5
 1064 00e9 91000000 		.4byte	0x91
 1065 00ed F8000000 		.4byte	0xf8
 1066 00f1 09       		.uleb128 0x9
 1067 00f2 8A000000 		.4byte	0x8a
 1068 00f6 FF       		.byte	0xff
 1069 00f7 00       		.byte	0
 1070 00f8 08       		.uleb128 0x8
 1071 00f9 58010000 		.4byte	.LASF15
 1072 00fd 03       		.byte	0x3
 1073 00fe B6       		.byte	0xb6
 1074 00ff 09010000 		.4byte	0x109
 1075 0103 05       		.uleb128 0x5
 1076 0104 03       		.byte	0x3
 1077 0105 00000000 		.4byte	cy_meta_flashprotect
 1078 0109 07       		.uleb128 0x7
 1079 010a E8000000 		.4byte	0xe8
ARM GAS  C:\Users\botmo\AppData\Local\Temp\ccdASOAu.s 			page 20


 1080 010e 05       		.uleb128 0x5
 1081 010f 91000000 		.4byte	0x91
 1082 0113 1E010000 		.4byte	0x11e
 1083 0117 09       		.uleb128 0x9
 1084 0118 8A000000 		.4byte	0x8a
 1085 011c 0B       		.byte	0xb
 1086 011d 00       		.byte	0
 1087 011e 08       		.uleb128 0x8
 1088 011f 0A000000 		.4byte	.LASF16
 1089 0123 03       		.byte	0x3
 1090 0124 E3       		.byte	0xe3
 1091 0125 2F010000 		.4byte	0x12f
 1092 0129 05       		.uleb128 0x5
 1093 012a 03       		.byte	0x3
 1094 012b 00000000 		.4byte	cy_metadata
 1095 012f 07       		.uleb128 0x7
 1096 0130 0E010000 		.4byte	0x10e
 1097 0134 00       		.byte	0
 1098              		.section	.debug_abbrev,"",%progbits
 1099              	.Ldebug_abbrev0:
 1100 0000 01       		.uleb128 0x1
 1101 0001 11       		.uleb128 0x11
 1102 0002 01       		.byte	0x1
 1103 0003 25       		.uleb128 0x25
 1104 0004 0E       		.uleb128 0xe
 1105 0005 13       		.uleb128 0x13
 1106 0006 0B       		.uleb128 0xb
 1107 0007 03       		.uleb128 0x3
 1108 0008 0E       		.uleb128 0xe
 1109 0009 1B       		.uleb128 0x1b
 1110 000a 0E       		.uleb128 0xe
 1111 000b 10       		.uleb128 0x10
 1112 000c 17       		.uleb128 0x17
 1113 000d 00       		.byte	0
 1114 000e 00       		.byte	0
 1115 000f 02       		.uleb128 0x2
 1116 0010 24       		.uleb128 0x24
 1117 0011 00       		.byte	0
 1118 0012 0B       		.uleb128 0xb
 1119 0013 0B       		.uleb128 0xb
 1120 0014 3E       		.uleb128 0x3e
 1121 0015 0B       		.uleb128 0xb
 1122 0016 03       		.uleb128 0x3
 1123 0017 0E       		.uleb128 0xe
 1124 0018 00       		.byte	0
 1125 0019 00       		.byte	0
 1126 001a 03       		.uleb128 0x3
 1127 001b 16       		.uleb128 0x16
 1128 001c 00       		.byte	0
 1129 001d 03       		.uleb128 0x3
 1130 001e 0E       		.uleb128 0xe
 1131 001f 3A       		.uleb128 0x3a
 1132 0020 0B       		.uleb128 0xb
 1133 0021 3B       		.uleb128 0x3b
 1134 0022 0B       		.uleb128 0xb
 1135 0023 49       		.uleb128 0x49
 1136 0024 13       		.uleb128 0x13
ARM GAS  C:\Users\botmo\AppData\Local\Temp\ccdASOAu.s 			page 21


 1137 0025 00       		.byte	0
 1138 0026 00       		.byte	0
 1139 0027 04       		.uleb128 0x4
 1140 0028 24       		.uleb128 0x24
 1141 0029 00       		.byte	0
 1142 002a 0B       		.uleb128 0xb
 1143 002b 0B       		.uleb128 0xb
 1144 002c 3E       		.uleb128 0x3e
 1145 002d 0B       		.uleb128 0xb
 1146 002e 03       		.uleb128 0x3
 1147 002f 08       		.uleb128 0x8
 1148 0030 00       		.byte	0
 1149 0031 00       		.byte	0
 1150 0032 05       		.uleb128 0x5
 1151 0033 01       		.uleb128 0x1
 1152 0034 01       		.byte	0x1
 1153 0035 49       		.uleb128 0x49
 1154 0036 13       		.uleb128 0x13
 1155 0037 01       		.uleb128 0x1
 1156 0038 13       		.uleb128 0x13
 1157 0039 00       		.byte	0
 1158 003a 00       		.byte	0
 1159 003b 06       		.uleb128 0x6
 1160 003c 21       		.uleb128 0x21
 1161 003d 00       		.byte	0
 1162 003e 49       		.uleb128 0x49
 1163 003f 13       		.uleb128 0x13
 1164 0040 2F       		.uleb128 0x2f
 1165 0041 05       		.uleb128 0x5
 1166 0042 00       		.byte	0
 1167 0043 00       		.byte	0
 1168 0044 07       		.uleb128 0x7
 1169 0045 26       		.uleb128 0x26
 1170 0046 00       		.byte	0
 1171 0047 49       		.uleb128 0x49
 1172 0048 13       		.uleb128 0x13
 1173 0049 00       		.byte	0
 1174 004a 00       		.byte	0
 1175 004b 08       		.uleb128 0x8
 1176 004c 34       		.uleb128 0x34
 1177 004d 00       		.byte	0
 1178 004e 03       		.uleb128 0x3
 1179 004f 0E       		.uleb128 0xe
 1180 0050 3A       		.uleb128 0x3a
 1181 0051 0B       		.uleb128 0xb
 1182 0052 3B       		.uleb128 0x3b
 1183 0053 0B       		.uleb128 0xb
 1184 0054 49       		.uleb128 0x49
 1185 0055 13       		.uleb128 0x13
 1186 0056 3F       		.uleb128 0x3f
 1187 0057 19       		.uleb128 0x19
 1188 0058 02       		.uleb128 0x2
 1189 0059 18       		.uleb128 0x18
 1190 005a 00       		.byte	0
 1191 005b 00       		.byte	0
 1192 005c 09       		.uleb128 0x9
 1193 005d 21       		.uleb128 0x21
ARM GAS  C:\Users\botmo\AppData\Local\Temp\ccdASOAu.s 			page 22


 1194 005e 00       		.byte	0
 1195 005f 49       		.uleb128 0x49
 1196 0060 13       		.uleb128 0x13
 1197 0061 2F       		.uleb128 0x2f
 1198 0062 0B       		.uleb128 0xb
 1199 0063 00       		.byte	0
 1200 0064 00       		.byte	0
 1201 0065 00       		.byte	0
 1202              		.section	.debug_aranges,"",%progbits
 1203 0000 14000000 		.4byte	0x14
 1204 0004 0200     		.2byte	0x2
 1205 0006 00000000 		.4byte	.Ldebug_info0
 1206 000a 04       		.byte	0x4
 1207 000b 00       		.byte	0
 1208 000c 0000     		.2byte	0
 1209 000e 0000     		.2byte	0
 1210 0010 00000000 		.4byte	0
 1211 0014 00000000 		.4byte	0
 1212              		.section	.debug_line,"",%progbits
 1213              	.Ldebug_line0:
 1214 0000 3D010000 		.section	.debug_str,"MS",%progbits,1
 1214      02003701 
 1214      00000201 
 1214      FB0E0D00 
 1214      01010101 
 1215              	.LASF9:
 1216 0000 5F5F7569 		.ascii	"__uint8_t\000"
 1216      6E74385F 
 1216      7400
 1217              	.LASF16:
 1218 000a 63795F6D 		.ascii	"cy_metadata\000"
 1218      65746164 
 1218      61746100 
 1219              	.LASF1:
 1220 0016 756E7369 		.ascii	"unsigned char\000"
 1220      676E6564 
 1220      20636861 
 1220      7200
 1221              	.LASF17:
 1222 0024 474E5520 		.ascii	"GNU C11 5.4.1 20160609 (release) [ARM/embedded-5-br"
 1222      43313120 
 1222      352E342E 
 1222      31203230 
 1222      31363036 
 1223 0057 616E6368 		.ascii	"anch revision 237715] -mcpu=cortex-m3 -mthumb -g -O"
 1223      20726576 
 1223      6973696F 
 1223      6E203233 
 1223      37373135 
 1224 008a 67202D66 		.ascii	"g -ffunction-sections -ffat-lto-objects\000"
 1224      66756E63 
 1224      74696F6E 
 1224      2D736563 
 1224      74696F6E 
 1225              	.LASF5:
 1226 00b2 6C6F6E67 		.ascii	"long unsigned int\000"
 1226      20756E73 
ARM GAS  C:\Users\botmo\AppData\Local\Temp\ccdASOAu.s 			page 23


 1226      69676E65 
 1226      6420696E 
 1226      7400
 1227              	.LASF3:
 1228 00c4 73686F72 		.ascii	"short unsigned int\000"
 1228      7420756E 
 1228      7369676E 
 1228      65642069 
 1228      6E7400
 1229              	.LASF13:
 1230 00d7 63795F6D 		.ascii	"cy_meta_custnvl\000"
 1230      6574615F 
 1230      63757374 
 1230      6E766C00 
 1231              	.LASF19:
 1232 00e7 433A5C55 		.ascii	"C:\\University\\psoc\\psoc_arefyev\\psoc_project.cy"
 1232      6E697665 
 1232      72736974 
 1232      795C7073 
 1232      6F635C70 
 1233 0116 64736E00 		.ascii	"dsn\000"
 1234              	.LASF12:
 1235 011a 63795F6D 		.ascii	"cy_meta_configecc\000"
 1235      6574615F 
 1235      636F6E66 
 1235      69676563 
 1235      6300
 1236              	.LASF8:
 1237 012c 756E7369 		.ascii	"unsigned int\000"
 1237      676E6564 
 1237      20696E74 
 1237      00
 1238              	.LASF7:
 1239 0139 6C6F6E67 		.ascii	"long long unsigned int\000"
 1239      206C6F6E 
 1239      6720756E 
 1239      7369676E 
 1239      65642069 
 1240              	.LASF10:
 1241 0150 75696E74 		.ascii	"uint8_t\000"
 1241      385F7400 
 1242              	.LASF15:
 1243 0158 63795F6D 		.ascii	"cy_meta_flashprotect\000"
 1243      6574615F 
 1243      666C6173 
 1243      6870726F 
 1243      74656374 
 1244              	.LASF14:
 1245 016d 63795F6D 		.ascii	"cy_meta_wonvl\000"
 1245      6574615F 
 1245      776F6E76 
 1245      6C00
 1246              	.LASF11:
 1247 017b 73697A65 		.ascii	"sizetype\000"
 1247      74797065 
 1247      00
 1248              	.LASF6:
ARM GAS  C:\Users\botmo\AppData\Local\Temp\ccdASOAu.s 			page 24


 1249 0184 6C6F6E67 		.ascii	"long long int\000"
 1249      206C6F6E 
 1249      6720696E 
 1249      7400
 1250              	.LASF2:
 1251 0192 73686F72 		.ascii	"short int\000"
 1251      7420696E 
 1251      7400
 1252              	.LASF4:
 1253 019c 6C6F6E67 		.ascii	"long int\000"
 1253      20696E74 
 1253      00
 1254              	.LASF0:
 1255 01a5 7369676E 		.ascii	"signed char\000"
 1255      65642063 
 1255      68617200 
 1256              	.LASF18:
 1257 01b1 47656E65 		.ascii	"Generated_Source\\PSoC5\\cymetadata.c\000"
 1257      72617465 
 1257      645F536F 
 1257      75726365 
 1257      5C50536F 
 1258              		.ident	"GCC: (GNU Tools for ARM Embedded Processors) 5.4.1 20160609 (release) [ARM/embedded-5-bran
