ARM GAS  C:\Users\botmo\AppData\Local\Temp\ccs5gN0U.s 			page 1


   1              		.syntax unified
   2              		.cpu cortex-m3
   3              		.fpu softvfp
   4              		.eabi_attribute 20, 1
   5              		.eabi_attribute 21, 1
   6              		.eabi_attribute 23, 3
   7              		.eabi_attribute 24, 1
   8              		.eabi_attribute 25, 1
   9              		.eabi_attribute 26, 1
  10              		.eabi_attribute 30, 1
  11              		.eabi_attribute 34, 1
  12              		.eabi_attribute 18, 4
  13              		.thumb
  14              		.syntax unified
  15              		.file	"main.c"
  16              		.text
  17              	.Ltext0:
  18              		.cfi_sections	.debug_frame
  19              		.section	.text.read_i2c_data,"ax",%progbits
  20              		.align	2
  21              		.thumb
  22              		.thumb_func
  23              		.type	read_i2c_data, %function
  24              	read_i2c_data:
  25              	.LFB65:
  26              		.file 1 "main.c"
   1:main.c        **** /******************************************************************************
   2:main.c        **** * 
   3:main.c        **** * @author  Pavel Arefyev
   4:main.c        **** * @name    TX00DB04 - Terrarium Automation project
   5:main.c        **** * @company Metropolia University of Applied Sciences
   6:main.c        **** * @date    14.05.2022
   7:main.c        **** *
   8:main.c        **** * This project implements simple Terrarium Automation as PSoC based device.
   9:main.c        **** * More information is available at: https://github.com/DedUndead/PSoC-Terrarium
  10:main.c        **** *
  11:main.c        **** * Project idea is an intellectual property of Antti Piironen, Principal Lecturer in Smart Systems E
  12:main.c        **** * Metropolia University of Applied Sciences, Finland, Uusimaa
  13:main.c        **** *
  14:main.c        **** *******************************************************************************/
  15:main.c        **** 
  16:main.c        **** #include "project.h"
  17:main.c        **** #include <stdio.h>
  18:main.c        **** 
  19:main.c        **** #define false             0
  20:main.c        **** #define true              1
  21:main.c        **** #define I2C_ERROR         0xc8     // An arbitary I2C error code
  22:main.c        **** #define MAX_BUFFER_LENGTH 50       // Maximum length of transmit buffer
  23:main.c        **** #define TC74_ADDRESS      0x4a     // I2C address of TC74 sensor
  24:main.c        **** #define TC74_TEMP_REG     0x00     // Temperature register of the sensor
  25:main.c        **** 
  26:main.c        **** static int16 read_i2c_data(uint8 slave_address, uint8 register_address);
  27:main.c        **** 
  28:main.c        **** int main()
  29:main.c        **** {
  30:main.c        ****     /* Enable global interrupts. */
  31:main.c        ****     CyGlobalIntEnable; 
ARM GAS  C:\Users\botmo\AppData\Local\Temp\ccs5gN0U.s 			page 2


  32:main.c        ****     
  33:main.c        ****     /* Start hardware components */
  34:main.c        ****     I2C_Start();
  35:main.c        ****     UART_Start();
  36:main.c        **** 
  37:main.c        ****     /* main Variable block */
  38:main.c        ****     char transmit_buffer[MAX_BUFFER_LENGTH];
  39:main.c        ****     int16 sample = 0;
  40:main.c        ****     
  41:main.c        ****     while (true) {
  42:main.c        ****         sample = read_i2c_data(TC74_ADDRESS, TC74_TEMP_REG);
  43:main.c        ****         sprintf(transmit_buffer, "%d\r\n", sample);
  44:main.c        ****         UART_PutString(transmit_buffer);
  45:main.c        ****         
  46:main.c        ****         CyDelay(1000);
  47:main.c        ****     }
  48:main.c        **** }
  49:main.c        **** 
  50:main.c        **** /*
  51:main.c        ****  * @brief Read i2c data from the slave
  52:main.c        ****  * @param slave_address    Address of target device on the bus
  53:main.c        ****  * @param register_address Address to read from
  54:main.c        ****  * @return                 Integer actual reading
  55:main.c        ****  */
  56:main.c        **** static int16 read_i2c_data(uint8 slave_address, uint8 register_address)
  57:main.c        **** {
  27              		.loc 1 57 0
  28              		.cfi_startproc
  29              		@ args = 0, pretend = 0, frame = 0
  30              		@ frame_needed = 0, uses_anonymous_args = 0
  31              	.LVL0:
  32 0000 38B5     		push	{r3, r4, r5, lr}
  33              		.cfi_def_cfa_offset 16
  34              		.cfi_offset 3, -16
  35              		.cfi_offset 4, -12
  36              		.cfi_offset 5, -8
  37              		.cfi_offset 14, -4
  38 0002 0446     		mov	r4, r0
  39 0004 0D46     		mov	r5, r1
  58:main.c        ****     uint8 status;
  59:main.c        ****     
  60:main.c        ****     // Send start bit and write bit
  61:main.c        ****     status = I2C_MasterSendStart(slave_address, I2C_WRITE_XFER_MODE);
  40              		.loc 1 61 0
  41 0006 0021     		movs	r1, #0
  42              	.LVL1:
  43 0008 FFF7FEFF 		bl	I2C_MasterSendStart
  44              	.LVL2:
  62:main.c        ****     // Write register address to the bus
  63:main.c        ****     status = I2C_MasterWriteByte(register_address);
  45              		.loc 1 63 0
  46 000c 2846     		mov	r0, r5
  47 000e FFF7FEFF 		bl	I2C_MasterWriteByte
  48              	.LVL3:
  64:main.c        ****     // Send restart condition with read bit
  65:main.c        ****     status = I2C_MasterSendRestart(slave_address, I2C_READ_XFER_MODE);
  49              		.loc 1 65 0
ARM GAS  C:\Users\botmo\AppData\Local\Temp\ccs5gN0U.s 			page 3


  50 0012 0121     		movs	r1, #1
  51 0014 2046     		mov	r0, r4
  52 0016 FFF7FEFF 		bl	I2C_MasterSendRestart
  53              	.LVL4:
  66:main.c        ****     // Check if any errors occured during the operation
  67:main.c        ****     if (status != I2C_MSTR_NO_ERROR) return I2C_ERROR;
  54              		.loc 1 67 0
  55 001a 30B9     		cbnz	r0, .L3
  68:main.c        ****     
  69:main.c        ****     // Read one byte and send NAK
  70:main.c        ****     uint8 reading = I2C_MasterReadByte(I2C_NAK_DATA);
  56              		.loc 1 70 0
  57 001c FFF7FEFF 		bl	I2C_MasterReadByte
  58              	.LVL5:
  59 0020 0446     		mov	r4, r0
  60              	.LVL6:
  71:main.c        ****     I2C_MasterSendStop();  // Send stop bit
  61              		.loc 1 71 0
  62 0022 FFF7FEFF 		bl	I2C_MasterSendStop
  63              	.LVL7:
  72:main.c        ****     
  73:main.c        ****     /* Two's complenment -> integer cast */
  74:main.c        ****     if (reading & 0x80) reading = -~(reading - 1);
  75:main.c        ****     
  76:main.c        ****     return reading;   
  64              		.loc 1 76 0
  65 0026 20B2     		sxth	r0, r4
  66 0028 38BD     		pop	{r3, r4, r5, pc}
  67              	.LVL8:
  68              	.L3:
  67:main.c        ****     
  69              		.loc 1 67 0
  70 002a C820     		movs	r0, #200
  71              	.LVL9:
  77:main.c        **** }
  72              		.loc 1 77 0
  73 002c 38BD     		pop	{r3, r4, r5, pc}
  74              		.cfi_endproc
  75              	.LFE65:
  76              		.size	read_i2c_data, .-read_i2c_data
  77 002e 00BF     		.section	.text.main,"ax",%progbits
  78              		.align	2
  79              		.global	main
  80              		.thumb
  81              		.thumb_func
  82              		.type	main, %function
  83              	main:
  84              	.LFB64:
  29:main.c        ****     /* Enable global interrupts. */
  85              		.loc 1 29 0
  86              		.cfi_startproc
  87              		@ args = 0, pretend = 0, frame = 56
  88              		@ frame_needed = 0, uses_anonymous_args = 0
  89 0000 00B5     		push	{lr}
  90              		.cfi_def_cfa_offset 4
  91              		.cfi_offset 14, -4
  92 0002 8FB0     		sub	sp, sp, #60
ARM GAS  C:\Users\botmo\AppData\Local\Temp\ccs5gN0U.s 			page 4


  93              		.cfi_def_cfa_offset 64
  31:main.c        ****     
  94              		.loc 1 31 0
  95              		.syntax unified
  96              	@ 31 "main.c" 1
  97 0004 62B6     		CPSIE   i
  98              	@ 0 "" 2
  34:main.c        ****     UART_Start();
  99              		.loc 1 34 0
 100              		.thumb
 101              		.syntax unified
 102 0006 FFF7FEFF 		bl	I2C_Start
 103              	.LVL10:
  35:main.c        **** 
 104              		.loc 1 35 0
 105 000a FFF7FEFF 		bl	UART_Start
 106              	.LVL11:
 107              	.L6:
  42:main.c        ****         sprintf(transmit_buffer, "%d\r\n", sample);
 108              		.loc 1 42 0 discriminator 1
 109 000e 0021     		movs	r1, #0
 110 0010 4A20     		movs	r0, #74
 111 0012 FFF7FEFF 		bl	read_i2c_data
 112              	.LVL12:
  43:main.c        ****         UART_PutString(transmit_buffer);
 113              		.loc 1 43 0 discriminator 1
 114 0016 0246     		mov	r2, r0
 115 0018 0549     		ldr	r1, .L8
 116 001a 01A8     		add	r0, sp, #4
 117              	.LVL13:
 118 001c FFF7FEFF 		bl	sprintf
 119              	.LVL14:
  44:main.c        ****         
 120              		.loc 1 44 0 discriminator 1
 121 0020 01A8     		add	r0, sp, #4
 122 0022 FFF7FEFF 		bl	UART_PutString
 123              	.LVL15:
  46:main.c        ****     }
 124              		.loc 1 46 0 discriminator 1
 125 0026 4FF47A70 		mov	r0, #1000
 126 002a FFF7FEFF 		bl	CyDelay
 127              	.LVL16:
 128 002e EEE7     		b	.L6
 129              	.L9:
 130              		.align	2
 131              	.L8:
 132 0030 00000000 		.word	.LC0
 133              		.cfi_endproc
 134              	.LFE64:
 135              		.size	main, .-main
 136              		.section	.rodata.str1.4,"aMS",%progbits,1
 137              		.align	2
 138              	.LC0:
 139 0000 25640D0A 		.ascii	"%d\015\012\000"
 139      00
 140              		.text
 141              	.Letext0:
ARM GAS  C:\Users\botmo\AppData\Local\Temp\ccs5gN0U.s 			page 5


 142              		.file 2 "c:\\program files (x86)\\cypress\\psoc creator\\4.4\\psoc creator\\import\\gnu\\arm\\5.4.
 143              		.file 3 "c:\\program files (x86)\\cypress\\psoc creator\\4.4\\psoc creator\\import\\gnu\\arm\\5.4.
 144              		.file 4 "Generated_Source\\PSoC5/cytypes.h"
 145              		.file 5 "Generated_Source\\PSoC5/I2C.h"
 146              		.file 6 "Generated_Source\\PSoC5/UART.h"
 147              		.file 7 "c:\\program files (x86)\\cypress\\psoc creator\\4.4\\psoc creator\\import\\gnu\\arm\\5.4.
 148              		.file 8 "Generated_Source\\PSoC5/CyLib.h"
 149              		.file 9 "Generated_Source\\PSoC5/core_cm3.h"
 150              		.section	.debug_info,"",%progbits
 151              	.Ldebug_info0:
 152 0000 9A020000 		.4byte	0x29a
 153 0004 0400     		.2byte	0x4
 154 0006 00000000 		.4byte	.Ldebug_abbrev0
 155 000a 04       		.byte	0x4
 156 000b 01       		.uleb128 0x1
 157 000c 65000000 		.4byte	.LASF34
 158 0010 0C       		.byte	0xc
 159 0011 1B020000 		.4byte	.LASF35
 160 0015 67010000 		.4byte	.LASF36
 161 0019 00000000 		.4byte	.Ldebug_ranges0+0
 162 001d 00000000 		.4byte	0
 163 0021 00000000 		.4byte	.Ldebug_line0
 164 0025 02       		.uleb128 0x2
 165 0026 01       		.byte	0x1
 166 0027 06       		.byte	0x6
 167 0028 F0010000 		.4byte	.LASF0
 168 002c 02       		.uleb128 0x2
 169 002d 01       		.byte	0x1
 170 002e 08       		.byte	0x8
 171 002f 57000000 		.4byte	.LASF1
 172 0033 02       		.uleb128 0x2
 173 0034 02       		.byte	0x2
 174 0035 05       		.byte	0x5
 175 0036 3A020000 		.4byte	.LASF2
 176 003a 02       		.uleb128 0x2
 177 003b 02       		.byte	0x2
 178 003c 07       		.byte	0x7
 179 003d 0B010000 		.4byte	.LASF3
 180 0041 03       		.uleb128 0x3
 181 0042 1A000000 		.4byte	.LASF9
 182 0046 02       		.byte	0x2
 183 0047 3F       		.byte	0x3f
 184 0048 4C000000 		.4byte	0x4c
 185 004c 02       		.uleb128 0x2
 186 004d 04       		.byte	0x4
 187 004e 05       		.byte	0x5
 188 004f 4A020000 		.4byte	.LASF4
 189 0053 02       		.uleb128 0x2
 190 0054 04       		.byte	0x4
 191 0055 07       		.byte	0x7
 192 0056 F9000000 		.4byte	.LASF5
 193 005a 02       		.uleb128 0x2
 194 005b 08       		.byte	0x8
 195 005c 05       		.byte	0x5
 196 005d 0D020000 		.4byte	.LASF6
 197 0061 02       		.uleb128 0x2
 198 0062 08       		.byte	0x8
ARM GAS  C:\Users\botmo\AppData\Local\Temp\ccs5gN0U.s 			page 6


 199 0063 07       		.byte	0x7
 200 0064 A7010000 		.4byte	.LASF7
 201 0068 04       		.uleb128 0x4
 202 0069 04       		.byte	0x4
 203 006a 05       		.byte	0x5
 204 006b 696E7400 		.ascii	"int\000"
 205 006f 02       		.uleb128 0x2
 206 0070 04       		.byte	0x4
 207 0071 07       		.byte	0x7
 208 0072 9A010000 		.4byte	.LASF8
 209 0076 03       		.uleb128 0x3
 210 0077 FC010000 		.4byte	.LASF10
 211 007b 03       		.byte	0x3
 212 007c 2C       		.byte	0x2c
 213 007d 41000000 		.4byte	0x41
 214 0081 05       		.uleb128 0x5
 215 0082 44020000 		.4byte	.LASF11
 216 0086 04       		.byte	0x4
 217 0087 E901     		.2byte	0x1e9
 218 0089 2C000000 		.4byte	0x2c
 219 008d 05       		.uleb128 0x5
 220 008e F3000000 		.4byte	.LASF12
 221 0092 04       		.byte	0x4
 222 0093 ED01     		.2byte	0x1ed
 223 0095 33000000 		.4byte	0x33
 224 0099 02       		.uleb128 0x2
 225 009a 04       		.byte	0x4
 226 009b 04       		.byte	0x4
 227 009c 51000000 		.4byte	.LASF13
 228 00a0 02       		.uleb128 0x2
 229 00a1 08       		.byte	0x8
 230 00a2 04       		.byte	0x4
 231 00a3 5B010000 		.4byte	.LASF14
 232 00a7 02       		.uleb128 0x2
 233 00a8 01       		.byte	0x1
 234 00a9 08       		.byte	0x8
 235 00aa 22020000 		.4byte	.LASF15
 236 00ae 02       		.uleb128 0x2
 237 00af 08       		.byte	0x8
 238 00b0 04       		.byte	0x4
 239 00b1 53020000 		.4byte	.LASF16
 240 00b5 02       		.uleb128 0x2
 241 00b6 04       		.byte	0x4
 242 00b7 07       		.byte	0x7
 243 00b8 04020000 		.4byte	.LASF17
 244 00bc 06       		.uleb128 0x6
 245 00bd CC010000 		.4byte	.LASF37
 246 00c1 01       		.byte	0x1
 247 00c2 38       		.byte	0x38
 248 00c3 8D000000 		.4byte	0x8d
 249 00c7 00000000 		.4byte	.LFB65
 250 00cb 2E000000 		.4byte	.LFE65-.LFB65
 251 00cf 01       		.uleb128 0x1
 252 00d0 9C       		.byte	0x9c
 253 00d1 6A010000 		.4byte	0x16a
 254 00d5 07       		.uleb128 0x7
 255 00d6 BE010000 		.4byte	.LASF18
ARM GAS  C:\Users\botmo\AppData\Local\Temp\ccs5gN0U.s 			page 7


 256 00da 01       		.byte	0x1
 257 00db 38       		.byte	0x38
 258 00dc 81000000 		.4byte	0x81
 259 00e0 00000000 		.4byte	.LLST0
 260 00e4 07       		.uleb128 0x7
 261 00e5 3D010000 		.4byte	.LASF19
 262 00e9 01       		.byte	0x1
 263 00ea 38       		.byte	0x38
 264 00eb 81000000 		.4byte	0x81
 265 00ef 21000000 		.4byte	.LLST1
 266 00f3 08       		.uleb128 0x8
 267 00f4 38000000 		.4byte	.LASF20
 268 00f8 01       		.byte	0x1
 269 00f9 3A       		.byte	0x3a
 270 00fa 81000000 		.4byte	0x81
 271 00fe 42000000 		.4byte	.LLST2
 272 0102 08       		.uleb128 0x8
 273 0103 49000000 		.4byte	.LASF21
 274 0107 01       		.byte	0x1
 275 0108 46       		.byte	0x46
 276 0109 81000000 		.4byte	0x81
 277 010d 60000000 		.4byte	.LLST3
 278 0111 09       		.uleb128 0x9
 279 0112 0C000000 		.4byte	.LVL2
 280 0116 2F020000 		.4byte	0x22f
 281 011a 2A010000 		.4byte	0x12a
 282 011e 0A       		.uleb128 0xa
 283 011f 01       		.uleb128 0x1
 284 0120 50       		.byte	0x50
 285 0121 02       		.uleb128 0x2
 286 0122 74       		.byte	0x74
 287 0123 00       		.sleb128 0
 288 0124 0A       		.uleb128 0xa
 289 0125 01       		.uleb128 0x1
 290 0126 51       		.byte	0x51
 291 0127 01       		.uleb128 0x1
 292 0128 30       		.byte	0x30
 293 0129 00       		.byte	0
 294 012a 09       		.uleb128 0x9
 295 012b 12000000 		.4byte	.LVL3
 296 012f 3A020000 		.4byte	0x23a
 297 0133 3E010000 		.4byte	0x13e
 298 0137 0A       		.uleb128 0xa
 299 0138 01       		.uleb128 0x1
 300 0139 50       		.byte	0x50
 301 013a 02       		.uleb128 0x2
 302 013b 75       		.byte	0x75
 303 013c 00       		.sleb128 0
 304 013d 00       		.byte	0
 305 013e 09       		.uleb128 0x9
 306 013f 1A000000 		.4byte	.LVL4
 307 0143 45020000 		.4byte	0x245
 308 0147 57010000 		.4byte	0x157
 309 014b 0A       		.uleb128 0xa
 310 014c 01       		.uleb128 0x1
 311 014d 50       		.byte	0x50
 312 014e 02       		.uleb128 0x2
ARM GAS  C:\Users\botmo\AppData\Local\Temp\ccs5gN0U.s 			page 8


 313 014f 74       		.byte	0x74
 314 0150 00       		.sleb128 0
 315 0151 0A       		.uleb128 0xa
 316 0152 01       		.uleb128 0x1
 317 0153 51       		.byte	0x51
 318 0154 01       		.uleb128 0x1
 319 0155 31       		.byte	0x31
 320 0156 00       		.byte	0
 321 0157 0B       		.uleb128 0xb
 322 0158 20000000 		.4byte	.LVL5
 323 015c 50020000 		.4byte	0x250
 324 0160 0B       		.uleb128 0xb
 325 0161 26000000 		.4byte	.LVL7
 326 0165 5B020000 		.4byte	0x25b
 327 0169 00       		.byte	0
 328 016a 0C       		.uleb128 0xc
 329 016b 62010000 		.4byte	.LASF38
 330 016f 01       		.byte	0x1
 331 0170 1C       		.byte	0x1c
 332 0171 68000000 		.4byte	0x68
 333 0175 00000000 		.4byte	.LFB64
 334 0179 34000000 		.4byte	.LFE64-.LFB64
 335 017d 01       		.uleb128 0x1
 336 017e 9C       		.byte	0x9c
 337 017f 0E020000 		.4byte	0x20e
 338 0183 0D       		.uleb128 0xd
 339 0184 5F020000 		.4byte	.LASF22
 340 0188 01       		.byte	0x1
 341 0189 26       		.byte	0x26
 342 018a 0E020000 		.4byte	0x20e
 343 018e 02       		.uleb128 0x2
 344 018f 91       		.byte	0x91
 345 0190 44       		.sleb128 -60
 346 0191 08       		.uleb128 0x8
 347 0192 00000000 		.4byte	.LASF23
 348 0196 01       		.byte	0x1
 349 0197 27       		.byte	0x27
 350 0198 8D000000 		.4byte	0x8d
 351 019c 73000000 		.4byte	.LLST4
 352 01a0 0B       		.uleb128 0xb
 353 01a1 0A000000 		.4byte	.LVL10
 354 01a5 66020000 		.4byte	0x266
 355 01a9 0B       		.uleb128 0xb
 356 01aa 0E000000 		.4byte	.LVL11
 357 01ae 71020000 		.4byte	0x271
 358 01b2 09       		.uleb128 0x9
 359 01b3 16000000 		.4byte	.LVL12
 360 01b7 BC000000 		.4byte	0xbc
 361 01bb CB010000 		.4byte	0x1cb
 362 01bf 0A       		.uleb128 0xa
 363 01c0 01       		.uleb128 0x1
 364 01c1 50       		.byte	0x50
 365 01c2 02       		.uleb128 0x2
 366 01c3 08       		.byte	0x8
 367 01c4 4A       		.byte	0x4a
 368 01c5 0A       		.uleb128 0xa
 369 01c6 01       		.uleb128 0x1
ARM GAS  C:\Users\botmo\AppData\Local\Temp\ccs5gN0U.s 			page 9


 370 01c7 51       		.byte	0x51
 371 01c8 01       		.uleb128 0x1
 372 01c9 30       		.byte	0x30
 373 01ca 00       		.byte	0
 374 01cb 09       		.uleb128 0x9
 375 01cc 20000000 		.4byte	.LVL14
 376 01d0 7C020000 		.4byte	0x27c
 377 01d4 E8010000 		.4byte	0x1e8
 378 01d8 0A       		.uleb128 0xa
 379 01d9 01       		.uleb128 0x1
 380 01da 50       		.byte	0x50
 381 01db 02       		.uleb128 0x2
 382 01dc 91       		.byte	0x91
 383 01dd 44       		.sleb128 -60
 384 01de 0A       		.uleb128 0xa
 385 01df 01       		.uleb128 0x1
 386 01e0 51       		.byte	0x51
 387 01e1 05       		.uleb128 0x5
 388 01e2 03       		.byte	0x3
 389 01e3 00000000 		.4byte	.LC0
 390 01e7 00       		.byte	0
 391 01e8 09       		.uleb128 0x9
 392 01e9 26000000 		.4byte	.LVL15
 393 01ed 87020000 		.4byte	0x287
 394 01f1 FC010000 		.4byte	0x1fc
 395 01f5 0A       		.uleb128 0xa
 396 01f6 01       		.uleb128 0x1
 397 01f7 50       		.byte	0x50
 398 01f8 02       		.uleb128 0x2
 399 01f9 91       		.byte	0x91
 400 01fa 44       		.sleb128 -60
 401 01fb 00       		.byte	0
 402 01fc 0E       		.uleb128 0xe
 403 01fd 2E000000 		.4byte	.LVL16
 404 0201 92020000 		.4byte	0x292
 405 0205 0A       		.uleb128 0xa
 406 0206 01       		.uleb128 0x1
 407 0207 50       		.byte	0x50
 408 0208 03       		.uleb128 0x3
 409 0209 0A       		.byte	0xa
 410 020a E803     		.2byte	0x3e8
 411 020c 00       		.byte	0
 412 020d 00       		.byte	0
 413 020e 0F       		.uleb128 0xf
 414 020f A7000000 		.4byte	0xa7
 415 0213 1E020000 		.4byte	0x21e
 416 0217 10       		.uleb128 0x10
 417 0218 B5000000 		.4byte	0xb5
 418 021c 31       		.byte	0x31
 419 021d 00       		.byte	0
 420 021e 11       		.uleb128 0x11
 421 021f 4E010000 		.4byte	.LASF39
 422 0223 09       		.byte	0x9
 423 0224 1207     		.2byte	0x712
 424 0226 2A020000 		.4byte	0x22a
 425 022a 12       		.uleb128 0x12
 426 022b 76000000 		.4byte	0x76
ARM GAS  C:\Users\botmo\AppData\Local\Temp\ccs5gN0U.s 			page 10


 427 022f 13       		.uleb128 0x13
 428 0230 29010000 		.4byte	.LASF24
 429 0234 29010000 		.4byte	.LASF24
 430 0238 05       		.byte	0x5
 431 0239 B1       		.byte	0xb1
 432 023a 13       		.uleb128 0x13
 433 023b 24000000 		.4byte	.LASF25
 434 023f 24000000 		.4byte	.LASF25
 435 0243 05       		.byte	0x5
 436 0244 B6       		.byte	0xb6
 437 0245 13       		.uleb128 0x13
 438 0246 DA010000 		.4byte	.LASF26
 439 024a DA010000 		.4byte	.LASF26
 440 024e 05       		.byte	0x5
 441 024f B3       		.byte	0xb3
 442 0250 13       		.uleb128 0x13
 443 0251 27020000 		.4byte	.LASF27
 444 0255 27020000 		.4byte	.LASF27
 445 0259 05       		.byte	0x5
 446 025a B7       		.byte	0xb7
 447 025b 13       		.uleb128 0x13
 448 025c 07000000 		.4byte	.LASF28
 449 0260 07000000 		.4byte	.LASF28
 450 0264 05       		.byte	0x5
 451 0265 B5       		.byte	0xb5
 452 0266 13       		.uleb128 0x13
 453 0267 3F000000 		.4byte	.LASF29
 454 026b 3F000000 		.4byte	.LASF29
 455 026f 05       		.byte	0x5
 456 0270 93       		.byte	0x93
 457 0271 13       		.uleb128 0x13
 458 0272 1E010000 		.4byte	.LASF30
 459 0276 1E010000 		.4byte	.LASF30
 460 027a 06       		.byte	0x6
 461 027b 54       		.byte	0x54
 462 027c 13       		.uleb128 0x13
 463 027d 7E020000 		.4byte	.LASF31
 464 0281 7E020000 		.4byte	.LASF31
 465 0285 07       		.byte	0x7
 466 0286 E7       		.byte	0xe7
 467 0287 13       		.uleb128 0x13
 468 0288 6F020000 		.4byte	.LASF32
 469 028c 6F020000 		.4byte	.LASF32
 470 0290 06       		.byte	0x6
 471 0291 8B       		.byte	0x8b
 472 0292 13       		.uleb128 0x13
 473 0293 86020000 		.4byte	.LASF33
 474 0297 86020000 		.4byte	.LASF33
 475 029b 08       		.byte	0x8
 476 029c 76       		.byte	0x76
 477 029d 00       		.byte	0
 478              		.section	.debug_abbrev,"",%progbits
 479              	.Ldebug_abbrev0:
 480 0000 01       		.uleb128 0x1
 481 0001 11       		.uleb128 0x11
 482 0002 01       		.byte	0x1
 483 0003 25       		.uleb128 0x25
ARM GAS  C:\Users\botmo\AppData\Local\Temp\ccs5gN0U.s 			page 11


 484 0004 0E       		.uleb128 0xe
 485 0005 13       		.uleb128 0x13
 486 0006 0B       		.uleb128 0xb
 487 0007 03       		.uleb128 0x3
 488 0008 0E       		.uleb128 0xe
 489 0009 1B       		.uleb128 0x1b
 490 000a 0E       		.uleb128 0xe
 491 000b 55       		.uleb128 0x55
 492 000c 17       		.uleb128 0x17
 493 000d 11       		.uleb128 0x11
 494 000e 01       		.uleb128 0x1
 495 000f 10       		.uleb128 0x10
 496 0010 17       		.uleb128 0x17
 497 0011 00       		.byte	0
 498 0012 00       		.byte	0
 499 0013 02       		.uleb128 0x2
 500 0014 24       		.uleb128 0x24
 501 0015 00       		.byte	0
 502 0016 0B       		.uleb128 0xb
 503 0017 0B       		.uleb128 0xb
 504 0018 3E       		.uleb128 0x3e
 505 0019 0B       		.uleb128 0xb
 506 001a 03       		.uleb128 0x3
 507 001b 0E       		.uleb128 0xe
 508 001c 00       		.byte	0
 509 001d 00       		.byte	0
 510 001e 03       		.uleb128 0x3
 511 001f 16       		.uleb128 0x16
 512 0020 00       		.byte	0
 513 0021 03       		.uleb128 0x3
 514 0022 0E       		.uleb128 0xe
 515 0023 3A       		.uleb128 0x3a
 516 0024 0B       		.uleb128 0xb
 517 0025 3B       		.uleb128 0x3b
 518 0026 0B       		.uleb128 0xb
 519 0027 49       		.uleb128 0x49
 520 0028 13       		.uleb128 0x13
 521 0029 00       		.byte	0
 522 002a 00       		.byte	0
 523 002b 04       		.uleb128 0x4
 524 002c 24       		.uleb128 0x24
 525 002d 00       		.byte	0
 526 002e 0B       		.uleb128 0xb
 527 002f 0B       		.uleb128 0xb
 528 0030 3E       		.uleb128 0x3e
 529 0031 0B       		.uleb128 0xb
 530 0032 03       		.uleb128 0x3
 531 0033 08       		.uleb128 0x8
 532 0034 00       		.byte	0
 533 0035 00       		.byte	0
 534 0036 05       		.uleb128 0x5
 535 0037 16       		.uleb128 0x16
 536 0038 00       		.byte	0
 537 0039 03       		.uleb128 0x3
 538 003a 0E       		.uleb128 0xe
 539 003b 3A       		.uleb128 0x3a
 540 003c 0B       		.uleb128 0xb
ARM GAS  C:\Users\botmo\AppData\Local\Temp\ccs5gN0U.s 			page 12


 541 003d 3B       		.uleb128 0x3b
 542 003e 05       		.uleb128 0x5
 543 003f 49       		.uleb128 0x49
 544 0040 13       		.uleb128 0x13
 545 0041 00       		.byte	0
 546 0042 00       		.byte	0
 547 0043 06       		.uleb128 0x6
 548 0044 2E       		.uleb128 0x2e
 549 0045 01       		.byte	0x1
 550 0046 03       		.uleb128 0x3
 551 0047 0E       		.uleb128 0xe
 552 0048 3A       		.uleb128 0x3a
 553 0049 0B       		.uleb128 0xb
 554 004a 3B       		.uleb128 0x3b
 555 004b 0B       		.uleb128 0xb
 556 004c 27       		.uleb128 0x27
 557 004d 19       		.uleb128 0x19
 558 004e 49       		.uleb128 0x49
 559 004f 13       		.uleb128 0x13
 560 0050 11       		.uleb128 0x11
 561 0051 01       		.uleb128 0x1
 562 0052 12       		.uleb128 0x12
 563 0053 06       		.uleb128 0x6
 564 0054 40       		.uleb128 0x40
 565 0055 18       		.uleb128 0x18
 566 0056 9742     		.uleb128 0x2117
 567 0058 19       		.uleb128 0x19
 568 0059 01       		.uleb128 0x1
 569 005a 13       		.uleb128 0x13
 570 005b 00       		.byte	0
 571 005c 00       		.byte	0
 572 005d 07       		.uleb128 0x7
 573 005e 05       		.uleb128 0x5
 574 005f 00       		.byte	0
 575 0060 03       		.uleb128 0x3
 576 0061 0E       		.uleb128 0xe
 577 0062 3A       		.uleb128 0x3a
 578 0063 0B       		.uleb128 0xb
 579 0064 3B       		.uleb128 0x3b
 580 0065 0B       		.uleb128 0xb
 581 0066 49       		.uleb128 0x49
 582 0067 13       		.uleb128 0x13
 583 0068 02       		.uleb128 0x2
 584 0069 17       		.uleb128 0x17
 585 006a 00       		.byte	0
 586 006b 00       		.byte	0
 587 006c 08       		.uleb128 0x8
 588 006d 34       		.uleb128 0x34
 589 006e 00       		.byte	0
 590 006f 03       		.uleb128 0x3
 591 0070 0E       		.uleb128 0xe
 592 0071 3A       		.uleb128 0x3a
 593 0072 0B       		.uleb128 0xb
 594 0073 3B       		.uleb128 0x3b
 595 0074 0B       		.uleb128 0xb
 596 0075 49       		.uleb128 0x49
 597 0076 13       		.uleb128 0x13
ARM GAS  C:\Users\botmo\AppData\Local\Temp\ccs5gN0U.s 			page 13


 598 0077 02       		.uleb128 0x2
 599 0078 17       		.uleb128 0x17
 600 0079 00       		.byte	0
 601 007a 00       		.byte	0
 602 007b 09       		.uleb128 0x9
 603 007c 898201   		.uleb128 0x4109
 604 007f 01       		.byte	0x1
 605 0080 11       		.uleb128 0x11
 606 0081 01       		.uleb128 0x1
 607 0082 31       		.uleb128 0x31
 608 0083 13       		.uleb128 0x13
 609 0084 01       		.uleb128 0x1
 610 0085 13       		.uleb128 0x13
 611 0086 00       		.byte	0
 612 0087 00       		.byte	0
 613 0088 0A       		.uleb128 0xa
 614 0089 8A8201   		.uleb128 0x410a
 615 008c 00       		.byte	0
 616 008d 02       		.uleb128 0x2
 617 008e 18       		.uleb128 0x18
 618 008f 9142     		.uleb128 0x2111
 619 0091 18       		.uleb128 0x18
 620 0092 00       		.byte	0
 621 0093 00       		.byte	0
 622 0094 0B       		.uleb128 0xb
 623 0095 898201   		.uleb128 0x4109
 624 0098 00       		.byte	0
 625 0099 11       		.uleb128 0x11
 626 009a 01       		.uleb128 0x1
 627 009b 31       		.uleb128 0x31
 628 009c 13       		.uleb128 0x13
 629 009d 00       		.byte	0
 630 009e 00       		.byte	0
 631 009f 0C       		.uleb128 0xc
 632 00a0 2E       		.uleb128 0x2e
 633 00a1 01       		.byte	0x1
 634 00a2 3F       		.uleb128 0x3f
 635 00a3 19       		.uleb128 0x19
 636 00a4 03       		.uleb128 0x3
 637 00a5 0E       		.uleb128 0xe
 638 00a6 3A       		.uleb128 0x3a
 639 00a7 0B       		.uleb128 0xb
 640 00a8 3B       		.uleb128 0x3b
 641 00a9 0B       		.uleb128 0xb
 642 00aa 49       		.uleb128 0x49
 643 00ab 13       		.uleb128 0x13
 644 00ac 8701     		.uleb128 0x87
 645 00ae 19       		.uleb128 0x19
 646 00af 11       		.uleb128 0x11
 647 00b0 01       		.uleb128 0x1
 648 00b1 12       		.uleb128 0x12
 649 00b2 06       		.uleb128 0x6
 650 00b3 40       		.uleb128 0x40
 651 00b4 18       		.uleb128 0x18
 652 00b5 9742     		.uleb128 0x2117
 653 00b7 19       		.uleb128 0x19
 654 00b8 01       		.uleb128 0x1
ARM GAS  C:\Users\botmo\AppData\Local\Temp\ccs5gN0U.s 			page 14


 655 00b9 13       		.uleb128 0x13
 656 00ba 00       		.byte	0
 657 00bb 00       		.byte	0
 658 00bc 0D       		.uleb128 0xd
 659 00bd 34       		.uleb128 0x34
 660 00be 00       		.byte	0
 661 00bf 03       		.uleb128 0x3
 662 00c0 0E       		.uleb128 0xe
 663 00c1 3A       		.uleb128 0x3a
 664 00c2 0B       		.uleb128 0xb
 665 00c3 3B       		.uleb128 0x3b
 666 00c4 0B       		.uleb128 0xb
 667 00c5 49       		.uleb128 0x49
 668 00c6 13       		.uleb128 0x13
 669 00c7 02       		.uleb128 0x2
 670 00c8 18       		.uleb128 0x18
 671 00c9 00       		.byte	0
 672 00ca 00       		.byte	0
 673 00cb 0E       		.uleb128 0xe
 674 00cc 898201   		.uleb128 0x4109
 675 00cf 01       		.byte	0x1
 676 00d0 11       		.uleb128 0x11
 677 00d1 01       		.uleb128 0x1
 678 00d2 31       		.uleb128 0x31
 679 00d3 13       		.uleb128 0x13
 680 00d4 00       		.byte	0
 681 00d5 00       		.byte	0
 682 00d6 0F       		.uleb128 0xf
 683 00d7 01       		.uleb128 0x1
 684 00d8 01       		.byte	0x1
 685 00d9 49       		.uleb128 0x49
 686 00da 13       		.uleb128 0x13
 687 00db 01       		.uleb128 0x1
 688 00dc 13       		.uleb128 0x13
 689 00dd 00       		.byte	0
 690 00de 00       		.byte	0
 691 00df 10       		.uleb128 0x10
 692 00e0 21       		.uleb128 0x21
 693 00e1 00       		.byte	0
 694 00e2 49       		.uleb128 0x49
 695 00e3 13       		.uleb128 0x13
 696 00e4 2F       		.uleb128 0x2f
 697 00e5 0B       		.uleb128 0xb
 698 00e6 00       		.byte	0
 699 00e7 00       		.byte	0
 700 00e8 11       		.uleb128 0x11
 701 00e9 34       		.uleb128 0x34
 702 00ea 00       		.byte	0
 703 00eb 03       		.uleb128 0x3
 704 00ec 0E       		.uleb128 0xe
 705 00ed 3A       		.uleb128 0x3a
 706 00ee 0B       		.uleb128 0xb
 707 00ef 3B       		.uleb128 0x3b
 708 00f0 05       		.uleb128 0x5
 709 00f1 49       		.uleb128 0x49
 710 00f2 13       		.uleb128 0x13
 711 00f3 3F       		.uleb128 0x3f
ARM GAS  C:\Users\botmo\AppData\Local\Temp\ccs5gN0U.s 			page 15


 712 00f4 19       		.uleb128 0x19
 713 00f5 3C       		.uleb128 0x3c
 714 00f6 19       		.uleb128 0x19
 715 00f7 00       		.byte	0
 716 00f8 00       		.byte	0
 717 00f9 12       		.uleb128 0x12
 718 00fa 35       		.uleb128 0x35
 719 00fb 00       		.byte	0
 720 00fc 49       		.uleb128 0x49
 721 00fd 13       		.uleb128 0x13
 722 00fe 00       		.byte	0
 723 00ff 00       		.byte	0
 724 0100 13       		.uleb128 0x13
 725 0101 2E       		.uleb128 0x2e
 726 0102 00       		.byte	0
 727 0103 3F       		.uleb128 0x3f
 728 0104 19       		.uleb128 0x19
 729 0105 3C       		.uleb128 0x3c
 730 0106 19       		.uleb128 0x19
 731 0107 6E       		.uleb128 0x6e
 732 0108 0E       		.uleb128 0xe
 733 0109 03       		.uleb128 0x3
 734 010a 0E       		.uleb128 0xe
 735 010b 3A       		.uleb128 0x3a
 736 010c 0B       		.uleb128 0xb
 737 010d 3B       		.uleb128 0x3b
 738 010e 0B       		.uleb128 0xb
 739 010f 00       		.byte	0
 740 0110 00       		.byte	0
 741 0111 00       		.byte	0
 742              		.section	.debug_loc,"",%progbits
 743              	.Ldebug_loc0:
 744              	.LLST0:
 745 0000 00000000 		.4byte	.LVL0
 746 0004 0B000000 		.4byte	.LVL2-1
 747 0008 0100     		.2byte	0x1
 748 000a 50       		.byte	0x50
 749 000b 0B000000 		.4byte	.LVL2-1
 750 000f 2E000000 		.4byte	.LFE65
 751 0013 0400     		.2byte	0x4
 752 0015 F3       		.byte	0xf3
 753 0016 01       		.uleb128 0x1
 754 0017 50       		.byte	0x50
 755 0018 9F       		.byte	0x9f
 756 0019 00000000 		.4byte	0
 757 001d 00000000 		.4byte	0
 758              	.LLST1:
 759 0021 00000000 		.4byte	.LVL0
 760 0025 08000000 		.4byte	.LVL1
 761 0029 0100     		.2byte	0x1
 762 002b 51       		.byte	0x51
 763 002c 08000000 		.4byte	.LVL1
 764 0030 2E000000 		.4byte	.LFE65
 765 0034 0400     		.2byte	0x4
 766 0036 F3       		.byte	0xf3
 767 0037 01       		.uleb128 0x1
 768 0038 51       		.byte	0x51
ARM GAS  C:\Users\botmo\AppData\Local\Temp\ccs5gN0U.s 			page 16


 769 0039 9F       		.byte	0x9f
 770 003a 00000000 		.4byte	0
 771 003e 00000000 		.4byte	0
 772              	.LLST2:
 773 0042 1A000000 		.4byte	.LVL4
 774 0046 1F000000 		.4byte	.LVL5-1
 775 004a 0100     		.2byte	0x1
 776 004c 50       		.byte	0x50
 777 004d 2A000000 		.4byte	.LVL8
 778 0051 2C000000 		.4byte	.LVL9
 779 0055 0100     		.2byte	0x1
 780 0057 50       		.byte	0x50
 781 0058 00000000 		.4byte	0
 782 005c 00000000 		.4byte	0
 783              	.LLST3:
 784 0060 22000000 		.4byte	.LVL6
 785 0064 2A000000 		.4byte	.LVL8
 786 0068 0100     		.2byte	0x1
 787 006a 54       		.byte	0x54
 788 006b 00000000 		.4byte	0
 789 006f 00000000 		.4byte	0
 790              	.LLST4:
 791 0073 16000000 		.4byte	.LVL12
 792 0077 1C000000 		.4byte	.LVL13
 793 007b 0100     		.2byte	0x1
 794 007d 50       		.byte	0x50
 795 007e 00000000 		.4byte	0
 796 0082 00000000 		.4byte	0
 797              		.section	.debug_aranges,"",%progbits
 798 0000 24000000 		.4byte	0x24
 799 0004 0200     		.2byte	0x2
 800 0006 00000000 		.4byte	.Ldebug_info0
 801 000a 04       		.byte	0x4
 802 000b 00       		.byte	0
 803 000c 0000     		.2byte	0
 804 000e 0000     		.2byte	0
 805 0010 00000000 		.4byte	.LFB65
 806 0014 2E000000 		.4byte	.LFE65-.LFB65
 807 0018 00000000 		.4byte	.LFB64
 808 001c 34000000 		.4byte	.LFE64-.LFB64
 809 0020 00000000 		.4byte	0
 810 0024 00000000 		.4byte	0
 811              		.section	.debug_ranges,"",%progbits
 812              	.Ldebug_ranges0:
 813 0000 00000000 		.4byte	.LFB65
 814 0004 2E000000 		.4byte	.LFE65
 815 0008 00000000 		.4byte	.LFB64
 816 000c 34000000 		.4byte	.LFE64
 817 0010 00000000 		.4byte	0
 818 0014 00000000 		.4byte	0
 819              		.section	.debug_line,"",%progbits
 820              	.Ldebug_line0:
 821 0000 25020000 		.section	.debug_str,"MS",%progbits,1
 821      0200DD01 
 821      00000201 
 821      FB0E0D00 
 821      01010101 
ARM GAS  C:\Users\botmo\AppData\Local\Temp\ccs5gN0U.s 			page 17


 822              	.LASF23:
 823 0000 73616D70 		.ascii	"sample\000"
 823      6C6500
 824              	.LASF28:
 825 0007 4932435F 		.ascii	"I2C_MasterSendStop\000"
 825      4D617374 
 825      65725365 
 825      6E645374 
 825      6F7000
 826              	.LASF9:
 827 001a 5F5F696E 		.ascii	"__int32_t\000"
 827      7433325F 
 827      7400
 828              	.LASF25:
 829 0024 4932435F 		.ascii	"I2C_MasterWriteByte\000"
 829      4D617374 
 829      65725772 
 829      69746542 
 829      79746500 
 830              	.LASF20:
 831 0038 73746174 		.ascii	"status\000"
 831      757300
 832              	.LASF29:
 833 003f 4932435F 		.ascii	"I2C_Start\000"
 833      53746172 
 833      7400
 834              	.LASF21:
 835 0049 72656164 		.ascii	"reading\000"
 835      696E6700 
 836              	.LASF13:
 837 0051 666C6F61 		.ascii	"float\000"
 837      7400
 838              	.LASF1:
 839 0057 756E7369 		.ascii	"unsigned char\000"
 839      676E6564 
 839      20636861 
 839      7200
 840              	.LASF34:
 841 0065 474E5520 		.ascii	"GNU C11 5.4.1 20160609 (release) [ARM/embedded-5-br"
 841      43313120 
 841      352E342E 
 841      31203230 
 841      31363036 
 842 0098 616E6368 		.ascii	"anch revision 237715] -mcpu=cortex-m3 -mthumb -g -O"
 842      20726576 
 842      6973696F 
 842      6E203233 
 842      37373135 
 843 00cb 67202D66 		.ascii	"g -ffunction-sections -ffat-lto-objects\000"
 843      66756E63 
 843      74696F6E 
 843      2D736563 
 843      74696F6E 
 844              	.LASF12:
 845 00f3 696E7431 		.ascii	"int16\000"
 845      3600
 846              	.LASF5:
ARM GAS  C:\Users\botmo\AppData\Local\Temp\ccs5gN0U.s 			page 18


 847 00f9 6C6F6E67 		.ascii	"long unsigned int\000"
 847      20756E73 
 847      69676E65 
 847      6420696E 
 847      7400
 848              	.LASF3:
 849 010b 73686F72 		.ascii	"short unsigned int\000"
 849      7420756E 
 849      7369676E 
 849      65642069 
 849      6E7400
 850              	.LASF30:
 851 011e 55415254 		.ascii	"UART_Start\000"
 851      5F537461 
 851      727400
 852              	.LASF24:
 853 0129 4932435F 		.ascii	"I2C_MasterSendStart\000"
 853      4D617374 
 853      65725365 
 853      6E645374 
 853      61727400 
 854              	.LASF19:
 855 013d 72656769 		.ascii	"register_address\000"
 855      73746572 
 855      5F616464 
 855      72657373 
 855      00
 856              	.LASF39:
 857 014e 49544D5F 		.ascii	"ITM_RxBuffer\000"
 857      52784275 
 857      66666572 
 857      00
 858              	.LASF14:
 859 015b 646F7562 		.ascii	"double\000"
 859      6C6500
 860              	.LASF38:
 861 0162 6D61696E 		.ascii	"main\000"
 861      00
 862              	.LASF36:
 863 0167 433A5C55 		.ascii	"C:\\University\\psoc\\psoc_arefyev\\psoc_project.cy"
 863      6E697665 
 863      72736974 
 863      795C7073 
 863      6F635C70 
 864 0196 64736E00 		.ascii	"dsn\000"
 865              	.LASF8:
 866 019a 756E7369 		.ascii	"unsigned int\000"
 866      676E6564 
 866      20696E74 
 866      00
 867              	.LASF7:
 868 01a7 6C6F6E67 		.ascii	"long long unsigned int\000"
 868      206C6F6E 
 868      6720756E 
 868      7369676E 
 868      65642069 
 869              	.LASF18:
ARM GAS  C:\Users\botmo\AppData\Local\Temp\ccs5gN0U.s 			page 19


 870 01be 736C6176 		.ascii	"slave_address\000"
 870      655F6164 
 870      64726573 
 870      7300
 871              	.LASF37:
 872 01cc 72656164 		.ascii	"read_i2c_data\000"
 872      5F693263 
 872      5F646174 
 872      6100
 873              	.LASF26:
 874 01da 4932435F 		.ascii	"I2C_MasterSendRestart\000"
 874      4D617374 
 874      65725365 
 874      6E645265 
 874      73746172 
 875              	.LASF0:
 876 01f0 7369676E 		.ascii	"signed char\000"
 876      65642063 
 876      68617200 
 877              	.LASF10:
 878 01fc 696E7433 		.ascii	"int32_t\000"
 878      325F7400 
 879              	.LASF17:
 880 0204 73697A65 		.ascii	"sizetype\000"
 880      74797065 
 880      00
 881              	.LASF6:
 882 020d 6C6F6E67 		.ascii	"long long int\000"
 882      206C6F6E 
 882      6720696E 
 882      7400
 883              	.LASF35:
 884 021b 6D61696E 		.ascii	"main.c\000"
 884      2E6300
 885              	.LASF15:
 886 0222 63686172 		.ascii	"char\000"
 886      00
 887              	.LASF27:
 888 0227 4932435F 		.ascii	"I2C_MasterReadByte\000"
 888      4D617374 
 888      65725265 
 888      61644279 
 888      746500
 889              	.LASF2:
 890 023a 73686F72 		.ascii	"short int\000"
 890      7420696E 
 890      7400
 891              	.LASF11:
 892 0244 75696E74 		.ascii	"uint8\000"
 892      3800
 893              	.LASF4:
 894 024a 6C6F6E67 		.ascii	"long int\000"
 894      20696E74 
 894      00
 895              	.LASF16:
 896 0253 6C6F6E67 		.ascii	"long double\000"
 896      20646F75 
ARM GAS  C:\Users\botmo\AppData\Local\Temp\ccs5gN0U.s 			page 20


 896      626C6500 
 897              	.LASF22:
 898 025f 7472616E 		.ascii	"transmit_buffer\000"
 898      736D6974 
 898      5F627566 
 898      66657200 
 899              	.LASF32:
 900 026f 55415254 		.ascii	"UART_PutString\000"
 900      5F507574 
 900      53747269 
 900      6E6700
 901              	.LASF31:
 902 027e 73707269 		.ascii	"sprintf\000"
 902      6E746600 
 903              	.LASF33:
 904 0286 43794465 		.ascii	"CyDelay\000"
 904      6C617900 
 905              		.ident	"GCC: (GNU Tools for ARM Embedded Processors) 5.4.1 20160609 (release) [ARM/embedded-5-bran
